2025-10-17 22:44:38,888 - INFO - data_loader - Loading cust file: D:\jinke\fintech_project\data\raw\cust_dataset.csv
2025-10-17 22:44:39,975 - INFO - data_loader - Loaded cust: (1108827, 7)
2025-10-17 22:44:39,975 - INFO - data_loader - Loading event file: D:\jinke\fintech_project\data\raw\event_dataset.csv
2025-10-17 22:44:40,233 - INFO - data_loader - Loaded events: (338939, 10), successes: 288572
2025-10-17 22:44:40,233 - INFO - data_loader - Loading product sheets from: D:\jinke\fintech_project\data\raw\productLabels_multiSpreadsheets.xlsx
2025-10-17 22:45:19,378 - INFO - data_loader - Loading cust file: D:\jinke\fintech_project\data\raw\cust_dataset.csv
2025-10-17 22:45:20,422 - INFO - data_loader - Loaded cust: (1108827, 7)
2025-10-17 22:45:20,424 - INFO - data_loader - Loading event file: D:\jinke\fintech_project\data\raw\event_dataset.csv
2025-10-17 22:45:20,651 - INFO - data_loader - Loaded events: (338939, 10), successes: 288572
2025-10-17 22:45:20,652 - INFO - data_loader - Loading product sheets from: D:\jinke\fintech_project\data\raw\productLabels_multiSpreadsheets.xlsx
2025-10-17 22:45:20,778 - INFO - data_loader - Loaded product attributes: (270, 19)
2025-10-17 22:45:20,912 - INFO - data_loader - Built positive label pairs: (168097, 5)
2025-10-17 22:45:21,055 - INFO - data_loader - Start constructing pairs (this may take time for large datasets)...
2025-10-17 22:45:23,504 - INFO - data_loader - Processed 10000 customers -> pairs so far: 175587
2025-10-17 22:45:23,906 - INFO - data_loader - Processed 20000 customers -> pairs so far: 338352
2025-10-17 22:45:24,306 - INFO - data_loader - Processed 30000 customers -> pairs so far: 487059
2025-10-17 22:45:24,715 - INFO - data_loader - Processed 40000 customers -> pairs so far: 665878
2025-10-17 22:45:25,113 - INFO - data_loader - Processed 50000 customers -> pairs so far: 791301
2025-10-17 22:45:25,525 - INFO - data_loader - Processed 60000 customers -> pairs so far: 993078
2025-10-17 22:45:25,924 - INFO - data_loader - Processed 70000 customers -> pairs so far: 1168850
2025-10-17 22:45:26,312 - INFO - data_loader - Processed 80000 customers -> pairs so far: 1291720
2025-10-17 22:45:26,712 - INFO - data_loader - Processed 90000 customers -> pairs so far: 1476336
2025-10-17 22:45:27,114 - INFO - data_loader - Processed 100000 customers -> pairs so far: 1664768
2025-10-17 22:45:27,499 - INFO - data_loader - Processed 110000 customers -> pairs so far: 1799003
2025-10-17 22:45:27,896 - INFO - data_loader - Processed 120000 customers -> pairs so far: 1964355
2025-10-17 22:45:28,289 - INFO - data_loader - Processed 130000 customers -> pairs so far: 2105043
2025-10-17 22:45:28,692 - INFO - data_loader - Processed 140000 customers -> pairs so far: 2297633
2025-10-17 22:45:29,082 - INFO - data_loader - Processed 150000 customers -> pairs so far: 2436669
2025-10-17 22:45:29,483 - INFO - data_loader - Processed 160000 customers -> pairs so far: 2619846
2025-10-17 22:45:29,877 - INFO - data_loader - Processed 170000 customers -> pairs so far: 2753662
2025-10-17 22:45:30,263 - INFO - data_loader - Processed 180000 customers -> pairs so far: 2883552
2025-10-17 22:45:30,665 - INFO - data_loader - Processed 190000 customers -> pairs so far: 3073472
2025-10-17 22:45:31,057 - INFO - data_loader - Processed 200000 customers -> pairs so far: 3230734
2025-10-17 22:45:31,451 - INFO - data_loader - Processed 210000 customers -> pairs so far: 3382695
2025-10-17 22:45:31,848 - INFO - data_loader - Processed 220000 customers -> pairs so far: 3520677
2025-10-17 22:45:32,247 - INFO - data_loader - Processed 230000 customers -> pairs so far: 3698693
2025-10-17 22:45:32,652 - INFO - data_loader - Processed 240000 customers -> pairs so far: 3872810
2025-10-17 22:45:33,053 - INFO - data_loader - Processed 250000 customers -> pairs so far: 4023460
2025-10-17 22:45:33,462 - INFO - data_loader - Processed 260000 customers -> pairs so far: 4179395
2025-10-17 22:45:33,922 - INFO - data_loader - Processed 270000 customers -> pairs so far: 4363387
2025-10-17 22:45:34,366 - INFO - data_loader - Processed 280000 customers -> pairs so far: 4517126
2025-10-17 22:45:34,792 - INFO - data_loader - Processed 290000 customers -> pairs so far: 4685923
2025-10-17 22:45:35,216 - INFO - data_loader - Processed 300000 customers -> pairs so far: 4855438
2025-10-17 22:45:35,641 - INFO - data_loader - Processed 310000 customers -> pairs so far: 5027553
2025-10-17 22:45:36,047 - INFO - data_loader - Processed 320000 customers -> pairs so far: 5176067
2025-10-17 22:45:36,448 - INFO - data_loader - Processed 330000 customers -> pairs so far: 5342021
2025-10-17 22:45:36,856 - INFO - data_loader - Processed 340000 customers -> pairs so far: 5520309
2025-10-17 22:45:37,242 - INFO - data_loader - Processed 350000 customers -> pairs so far: 5646351
2025-10-17 22:45:37,632 - INFO - data_loader - Processed 360000 customers -> pairs so far: 5791693
2025-10-17 22:45:38,031 - INFO - data_loader - Processed 370000 customers -> pairs so far: 5953185
2025-10-17 22:45:38,429 - INFO - data_loader - Processed 380000 customers -> pairs so far: 6101540
2025-10-17 22:45:40,725 - INFO - data_loader - Processed 390000 customers -> pairs so far: 6277240
2025-10-17 22:45:43,831 - INFO - data_loader - Processed 400000 customers -> pairs so far: 6410825
2025-10-17 22:45:46,906 - INFO - data_loader - Processed 410000 customers -> pairs so far: 6579528
2025-10-17 22:45:50,044 - INFO - data_loader - Processed 420000 customers -> pairs so far: 6760988
2025-10-17 22:45:51,896 - INFO - data_loader - Processed 430000 customers -> pairs so far: 6890742
2025-10-17 22:46:06,826 - INFO - data_loader - Loading cust file: D:\jinke\fintech_project\data\raw\cust_dataset.csv
2025-10-17 22:46:07,769 - INFO - data_loader - Loaded cust: (1108827, 7)
2025-10-17 22:46:07,769 - INFO - data_loader - Loading event file: D:\jinke\fintech_project\data\raw\event_dataset.csv
2025-10-17 22:46:07,996 - INFO - data_loader - Loaded events: (338939, 10), successes: 288572
2025-10-17 22:46:07,996 - INFO - data_loader - Loading product sheets from: D:\jinke\fintech_project\data\raw\productLabels_multiSpreadsheets.xlsx
2025-10-17 22:46:08,116 - INFO - data_loader - Loaded product attributes: (270, 19)
2025-10-17 22:46:08,242 - INFO - data_loader - Built positive label pairs: (168097, 5)
2025-10-17 22:46:08,380 - INFO - data_loader - Start constructing pairs (this may take time for large datasets)...
2025-10-17 22:46:10,733 - INFO - data_loader - Processed 10000 customers -> pairs so far: 175587
2025-10-17 22:46:11,122 - INFO - data_loader - Processed 20000 customers -> pairs so far: 338352
2025-10-17 22:46:11,505 - INFO - data_loader - Processed 30000 customers -> pairs so far: 487059
2025-10-17 22:46:11,898 - INFO - data_loader - Processed 40000 customers -> pairs so far: 665878
2025-10-17 22:46:12,277 - INFO - data_loader - Processed 50000 customers -> pairs so far: 791301
2025-10-17 22:46:12,677 - INFO - data_loader - Processed 60000 customers -> pairs so far: 993078
2025-10-17 22:46:13,066 - INFO - data_loader - Processed 70000 customers -> pairs so far: 1168850
2025-10-17 22:46:13,442 - INFO - data_loader - Processed 80000 customers -> pairs so far: 1291720
2025-10-17 22:46:13,834 - INFO - data_loader - Processed 90000 customers -> pairs so far: 1476336
2025-10-17 22:46:14,230 - INFO - data_loader - Processed 100000 customers -> pairs so far: 1664768
2025-10-17 22:46:14,612 - INFO - data_loader - Processed 110000 customers -> pairs so far: 1799003
2025-10-17 22:46:15,006 - INFO - data_loader - Processed 120000 customers -> pairs so far: 1964355
2025-10-17 22:46:15,389 - INFO - data_loader - Processed 130000 customers -> pairs so far: 2105043
2025-10-17 22:46:15,783 - INFO - data_loader - Processed 140000 customers -> pairs so far: 2297633
2025-10-17 22:46:16,169 - INFO - data_loader - Processed 150000 customers -> pairs so far: 2436669
2025-10-17 22:46:16,561 - INFO - data_loader - Processed 160000 customers -> pairs so far: 2619846
2025-10-17 22:46:16,945 - INFO - data_loader - Processed 170000 customers -> pairs so far: 2753662
2025-10-17 22:46:17,325 - INFO - data_loader - Processed 180000 customers -> pairs so far: 2883552
2025-10-17 22:46:17,722 - INFO - data_loader - Processed 190000 customers -> pairs so far: 3073472
2025-10-17 22:46:18,107 - INFO - data_loader - Processed 200000 customers -> pairs so far: 3230734
2025-10-17 22:46:18,493 - INFO - data_loader - Processed 210000 customers -> pairs so far: 3382695
2025-10-17 22:46:18,893 - INFO - data_loader - Processed 220000 customers -> pairs so far: 3520677
2025-10-17 22:46:19,289 - INFO - data_loader - Processed 230000 customers -> pairs so far: 3698693
2025-10-17 22:46:19,685 - INFO - data_loader - Processed 240000 customers -> pairs so far: 3872810
2025-10-17 22:46:20,080 - INFO - data_loader - Processed 250000 customers -> pairs so far: 4023460
2025-10-17 22:46:20,474 - INFO - data_loader - Processed 260000 customers -> pairs so far: 4179395
2025-10-17 22:46:20,875 - INFO - data_loader - Processed 270000 customers -> pairs so far: 4363387
2025-10-17 22:46:21,266 - INFO - data_loader - Processed 280000 customers -> pairs so far: 4517126
2025-10-17 22:46:21,656 - INFO - data_loader - Processed 290000 customers -> pairs so far: 4685923
2025-10-17 22:46:22,047 - INFO - data_loader - Processed 300000 customers -> pairs so far: 4855438
2025-10-17 22:46:22,456 - INFO - data_loader - Processed 310000 customers -> pairs so far: 5027553
2025-10-17 22:46:22,860 - INFO - data_loader - Processed 320000 customers -> pairs so far: 5176067
2025-10-17 22:46:23,265 - INFO - data_loader - Processed 330000 customers -> pairs so far: 5342021
2025-10-17 22:46:23,705 - INFO - data_loader - Processed 340000 customers -> pairs so far: 5520309
2025-10-17 22:46:26,565 - INFO - data_loader - Processed 350000 customers -> pairs so far: 5646351
2025-10-17 22:46:29,545 - INFO - data_loader - Processed 360000 customers -> pairs so far: 5791693
2025-10-17 22:46:32,576 - INFO - data_loader - Processed 370000 customers -> pairs so far: 5953185
2025-10-17 22:46:35,518 - INFO - data_loader - Processed 380000 customers -> pairs so far: 6101540
2025-10-17 22:46:38,482 - INFO - data_loader - Processed 390000 customers -> pairs so far: 6277240
2025-10-17 22:46:41,333 - INFO - data_loader - Processed 400000 customers -> pairs so far: 6410825
2025-10-17 22:46:44,237 - INFO - data_loader - Processed 410000 customers -> pairs so far: 6579528
2025-10-17 22:46:47,265 - INFO - data_loader - Processed 420000 customers -> pairs so far: 6760988
2025-10-17 22:46:50,142 - INFO - data_loader - Processed 430000 customers -> pairs so far: 6890742
2025-10-17 22:46:52,949 - INFO - data_loader - Processed 440000 customers -> pairs so far: 7077043
2025-10-17 22:46:55,473 - INFO - data_loader - Processed 450000 customers -> pairs so far: 7199626
2025-10-17 22:46:58,523 - INFO - data_loader - Processed 460000 customers -> pairs so far: 7384434
2025-10-17 22:47:01,455 - INFO - data_loader - Processed 470000 customers -> pairs so far: 7530439
2025-10-17 22:47:04,474 - INFO - data_loader - Processed 480000 customers -> pairs so far: 7692134
2025-10-17 22:47:07,392 - INFO - data_loader - Processed 490000 customers -> pairs so far: 7824300
2025-10-17 22:47:10,397 - INFO - data_loader - Processed 500000 customers -> pairs so far: 8010017
2025-10-17 22:47:13,312 - INFO - data_loader - Processed 510000 customers -> pairs so far: 8164147
2025-10-17 22:47:16,271 - INFO - data_loader - Processed 520000 customers -> pairs so far: 8329302
2025-10-17 22:47:19,055 - INFO - data_loader - Processed 530000 customers -> pairs so far: 8474715
2025-10-17 22:47:22,419 - INFO - data_loader - Processed 540000 customers -> pairs so far: 8802335
2025-10-17 22:47:25,611 - INFO - data_loader - Processed 550000 customers -> pairs so far: 9064367
2025-10-17 22:47:28,325 - INFO - data_loader - Processed 560000 customers -> pairs so far: 9302846
2025-10-17 22:47:31,213 - INFO - data_loader - Processed 570000 customers -> pairs so far: 9431684
2025-10-17 22:47:32,472 - INFO - data_loader - Processed 580000 customers -> pairs so far: 9621078
2025-10-17 22:47:32,865 - INFO - data_loader - Processed 590000 customers -> pairs so far: 9775548
2025-10-17 22:47:33,290 - INFO - data_loader - Processed 600000 customers -> pairs so far: 9932902
2025-10-17 22:47:33,712 - INFO - data_loader - Processed 610000 customers -> pairs so far: 10107740
2025-10-17 22:47:34,133 - INFO - data_loader - Processed 620000 customers -> pairs so far: 10295917
2025-10-17 22:47:34,549 - INFO - data_loader - Processed 630000 customers -> pairs so far: 10428845
2025-10-17 22:47:34,968 - INFO - data_loader - Processed 640000 customers -> pairs so far: 10592913
2025-10-17 22:47:35,406 - INFO - data_loader - Processed 650000 customers -> pairs so far: 10785043
2025-10-17 22:47:35,820 - INFO - data_loader - Processed 660000 customers -> pairs so far: 10929293
2025-10-17 22:47:36,228 - INFO - data_loader - Processed 670000 customers -> pairs so far: 11074416
2025-10-17 22:47:36,661 - INFO - data_loader - Processed 680000 customers -> pairs so far: 11248101
2025-10-17 22:47:37,079 - INFO - data_loader - Processed 690000 customers -> pairs so far: 11420731
2025-10-17 22:47:37,512 - INFO - data_loader - Processed 700000 customers -> pairs so far: 11551777
2025-10-17 22:47:37,933 - INFO - data_loader - Processed 710000 customers -> pairs so far: 11728523
2025-10-17 22:47:38,349 - INFO - data_loader - Processed 720000 customers -> pairs so far: 11884662
2025-10-17 22:47:38,761 - INFO - data_loader - Processed 730000 customers -> pairs so far: 12016388
2025-10-17 22:47:39,178 - INFO - data_loader - Processed 740000 customers -> pairs so far: 12190235
2025-10-17 22:47:39,585 - INFO - data_loader - Processed 750000 customers -> pairs so far: 12322887
2025-10-17 22:47:40,003 - INFO - data_loader - Processed 760000 customers -> pairs so far: 12511893
2025-10-17 22:47:40,441 - INFO - data_loader - Processed 770000 customers -> pairs so far: 12640804
2025-10-17 22:47:40,863 - INFO - data_loader - Processed 780000 customers -> pairs so far: 12826930
2025-10-17 22:47:41,280 - INFO - data_loader - Processed 790000 customers -> pairs so far: 12999136
2025-10-17 22:47:41,693 - INFO - data_loader - Processed 800000 customers -> pairs so far: 13126562
2025-10-17 22:47:42,117 - INFO - data_loader - Processed 810000 customers -> pairs so far: 13314315
2025-10-17 22:47:42,529 - INFO - data_loader - Processed 820000 customers -> pairs so far: 13452982
2025-10-17 22:47:42,976 - INFO - data_loader - Processed 830000 customers -> pairs so far: 13648789
2025-10-17 22:47:43,391 - INFO - data_loader - Processed 840000 customers -> pairs so far: 13787140
2025-10-17 22:47:43,807 - INFO - data_loader - Processed 850000 customers -> pairs so far: 13951551
2025-10-17 22:47:44,261 - INFO - data_loader - Processed 860000 customers -> pairs so far: 14144895
2025-10-17 22:47:44,675 - INFO - data_loader - Processed 870000 customers -> pairs so far: 14282576
2025-10-17 22:47:45,161 - INFO - data_loader - Processed 880000 customers -> pairs so far: 14470603
2025-10-17 22:47:45,581 - INFO - data_loader - Processed 890000 customers -> pairs so far: 14622178
2025-10-17 22:47:45,976 - INFO - data_loader - Processed 900000 customers -> pairs so far: 14784301
2025-10-17 22:47:46,365 - INFO - data_loader - Processed 910000 customers -> pairs so far: 14926838
2025-10-17 22:47:46,749 - INFO - data_loader - Processed 920000 customers -> pairs so far: 15046522
2025-10-17 22:47:47,149 - INFO - data_loader - Processed 930000 customers -> pairs so far: 15236892
2025-10-17 22:47:47,546 - INFO - data_loader - Processed 940000 customers -> pairs so far: 15378291
2025-10-17 22:47:47,979 - INFO - data_loader - Processed 950000 customers -> pairs so far: 15543147
2025-10-17 22:47:48,427 - INFO - data_loader - Processed 960000 customers -> pairs so far: 15669486
2025-10-17 22:47:48,858 - INFO - data_loader - Processed 970000 customers -> pairs so far: 15856559
2025-10-17 22:47:49,306 - INFO - data_loader - Processed 980000 customers -> pairs so far: 16033241
2025-10-17 22:47:49,720 - INFO - data_loader - Processed 990000 customers -> pairs so far: 16196634
2025-10-17 22:47:50,126 - INFO - data_loader - Processed 1000000 customers -> pairs so far: 16338434
2025-10-17 22:47:50,530 - INFO - data_loader - Processed 1010000 customers -> pairs so far: 16508256
2025-10-17 22:47:50,938 - INFO - data_loader - Processed 1020000 customers -> pairs so far: 16647164
2025-10-17 22:47:51,348 - INFO - data_loader - Processed 1030000 customers -> pairs so far: 16818745
2025-10-17 22:47:51,777 - INFO - data_loader - Processed 1040000 customers -> pairs so far: 16968195
2025-10-17 22:47:52,190 - INFO - data_loader - Processed 1050000 customers -> pairs so far: 17135244
2025-10-17 22:47:52,660 - INFO - data_loader - Processed 1060000 customers -> pairs so far: 17304388
2025-10-17 22:47:53,074 - INFO - data_loader - Processed 1070000 customers -> pairs so far: 17431571
2025-10-17 22:47:53,493 - INFO - data_loader - Processed 1080000 customers -> pairs so far: 17617286
2025-10-17 22:47:53,941 - INFO - data_loader - Processed 1090000 customers -> pairs so far: 17863997
2025-10-17 22:47:54,381 - INFO - data_loader - Processed 1100000 customers -> pairs so far: 18165862
2025-10-17 22:48:11,343 - INFO - data_loader - Constructed pairs: (18402084, 3), positives: 168097
2025-10-18 09:46:36,387 - INFO - data_loader - Loading customer file: D:\jinke\fintech_project\data\raw\cust_dataset.csv
2025-10-18 09:46:37,428 - INFO - data_loader - Loaded cust: (1108827, 7)
2025-10-18 09:46:37,429 - INFO - data_loader - Loading event file: D:\jinke\fintech_project\data\raw\event_dataset.csv
2025-10-18 09:46:37,693 - INFO - data_loader - Loaded events: (338939, 10), successes: 288572
2025-10-18 09:46:37,694 - INFO - data_loader - Loading product Excel: D:\jinke\fintech_project\data\raw\productLabels_multiSpreadsheets.xlsx
2025-10-18 09:46:37,894 - INFO - data_loader - Loaded product sheet D: (14, 5)
2025-10-18 09:46:37,896 - INFO - data_loader - Loaded product sheet C: (46, 7)
2025-10-18 09:46:37,901 - INFO - data_loader - Loaded product sheet A: (193, 7)
2025-10-18 09:46:37,902 - INFO - data_loader - Loaded product sheet N: (13, 4)
2025-10-18 09:46:37,903 - INFO - data_loader - Loaded product sheet P: (4, 4)
2025-10-18 09:46:37,904 - INFO - data_loader - Combined product dataframe: (270, 19)
2025-10-18 09:46:38,078 - INFO - data_loader - Built positive label pairs: (168097, 5)
2025-10-18 09:46:38,088 - INFO - data_loader - Constructing user-product pairs...
2025-10-18 09:46:39,266 - INFO - data_loader - Constructed pairs: (201029, 3), positives: 3186
2025-10-18 09:48:48,481 - INFO - data_loader - Loading customer file: D:\jinke\fintech_project\data\raw\cust_dataset.csv
2025-10-18 09:48:49,410 - INFO - data_loader - Loaded cust: (1108827, 7)
2025-10-18 09:48:49,411 - INFO - data_loader - Loading event file: D:\jinke\fintech_project\data\raw\event_dataset.csv
2025-10-18 09:48:49,627 - INFO - data_loader - Loaded events: (338939, 10), successes: 288572
2025-10-18 09:48:49,627 - INFO - data_loader - Loading product Excel: D:\jinke\fintech_project\data\raw\productLabels_multiSpreadsheets.xlsx
2025-10-18 09:48:49,742 - INFO - data_loader - Loaded product sheet D: (14, 5)
2025-10-18 09:48:49,744 - INFO - data_loader - Loaded product sheet C: (46, 7)
2025-10-18 09:48:49,748 - INFO - data_loader - Loaded product sheet A: (193, 7)
2025-10-18 09:48:49,749 - INFO - data_loader - Loaded product sheet N: (13, 4)
2025-10-18 09:48:49,750 - INFO - data_loader - Loaded product sheet P: (4, 4)
2025-10-18 09:48:49,752 - INFO - data_loader - Combined product dataframe: (270, 19)
2025-10-18 09:48:49,907 - INFO - data_loader - Built positive label pairs: (168097, 5)
2025-10-18 09:48:49,916 - INFO - data_loader - Constructing user-product pairs...
2025-10-18 09:48:51,055 - INFO - data_loader - Constructed pairs: (201029, 3), positives: 3186
2025-10-18 17:38:47,545 - INFO - data_loader - Loading customer file: D:\jinke\fintech_project\data\raw\cust_dataset.csv
2025-10-18 17:38:48,721 - INFO - data_loader - Loaded cust: (1108827, 7)
2025-10-18 17:38:48,722 - INFO - data_loader - Loading event file: D:\jinke\fintech_project\data\raw\event_dataset.csv
2025-10-18 17:38:49,011 - INFO - data_loader - Loaded events: (338939, 10), successes: 288572
2025-10-18 17:38:49,011 - INFO - data_loader - Loading product Excel: D:\jinke\fintech_project\data\raw\productLabels_multiSpreadsheets.xlsx
2025-10-18 17:38:49,249 - INFO - data_loader - Loaded product sheet D: (14, 5)
2025-10-18 17:38:49,251 - INFO - data_loader - Loaded product sheet C: (46, 7)
2025-10-18 17:38:49,256 - INFO - data_loader - Loaded product sheet A: (193, 7)
2025-10-18 17:38:49,257 - INFO - data_loader - Loaded product sheet N: (13, 4)
2025-10-18 17:38:49,259 - INFO - data_loader - Loaded product sheet P: (4, 4)
2025-10-18 17:38:49,260 - INFO - data_loader - Combined product dataframe: (270, 19)
2025-10-18 17:38:49,413 - INFO - data_loader - Built positive label pairs: (168097, 5)
2025-10-18 17:38:49,433 - INFO - data_loader - Constructing user-product pairs...
2025-10-18 17:38:52,701 - INFO - data_loader - Processed 50000 customers, pairs so far: 791301
2025-10-18 17:38:55,474 - INFO - data_loader - Constructed pairs: (1664758, 3), positives: 15298
2025-10-18 17:40:56,523 - INFO - data_loader - Loading customer file: D:\jinke\fintech_project\data\raw\cust_dataset.csv
2025-10-18 17:40:57,620 - INFO - data_loader - Loaded cust: (1108827, 7)
2025-10-18 17:40:57,620 - INFO - data_loader - Loading event file: D:\jinke\fintech_project\data\raw\event_dataset.csv
2025-10-18 17:40:57,880 - INFO - data_loader - Loaded events: (338939, 10), successes: 288572
2025-10-18 17:40:57,880 - INFO - data_loader - Loading product Excel: D:\jinke\fintech_project\data\raw\productLabels_multiSpreadsheets.xlsx
2025-10-18 17:40:58,014 - INFO - data_loader - Loaded product sheet D: (14, 5)
2025-10-18 17:40:58,017 - INFO - data_loader - Loaded product sheet C: (46, 7)
2025-10-18 17:40:58,022 - INFO - data_loader - Loaded product sheet A: (193, 7)
2025-10-18 17:40:58,023 - INFO - data_loader - Loaded product sheet N: (13, 4)
2025-10-18 17:40:58,024 - INFO - data_loader - Loaded product sheet P: (4, 4)
2025-10-18 17:40:58,026 - INFO - data_loader - Combined product dataframe: (270, 19)
2025-10-18 17:40:58,167 - INFO - data_loader - Built positive label pairs: (168097, 5)
2025-10-18 17:40:58,184 - INFO - data_loader - Constructing user-product pairs...
2025-10-18 17:41:01,461 - INFO - data_loader - Processed 50000 customers, pairs so far: 791301
2025-10-18 17:41:04,190 - INFO - data_loader - Constructed pairs: (1664758, 3), positives: 15298
2025-10-18 17:46:24,061 - INFO - data_loader - Loading customer file: D:\jinke\fintech_project\data\raw\cust_dataset.csv
2025-10-18 17:46:25,141 - INFO - data_loader - Loaded cust: (1108827, 7)
2025-10-18 17:46:25,141 - INFO - data_loader - Loading event file: D:\jinke\fintech_project\data\raw\event_dataset.csv
2025-10-18 17:46:25,395 - INFO - data_loader - Loaded events: (338939, 10), successes: 288572
2025-10-18 17:46:25,395 - INFO - data_loader - Loading product Excel: D:\jinke\fintech_project\data\raw\productLabels_multiSpreadsheets.xlsx
2025-10-18 17:46:25,532 - INFO - data_loader - Loaded product sheet D: (14, 5)
2025-10-18 17:46:25,534 - INFO - data_loader - Loaded product sheet C: (46, 7)
2025-10-18 17:46:25,539 - INFO - data_loader - Loaded product sheet A: (193, 7)
2025-10-18 17:46:25,541 - INFO - data_loader - Loaded product sheet N: (13, 4)
2025-10-18 17:46:25,542 - INFO - data_loader - Loaded product sheet P: (4, 4)
2025-10-18 17:46:25,543 - INFO - data_loader - Combined product dataframe: (270, 19)
2025-10-18 17:46:25,687 - INFO - data_loader - Built positive label pairs: (168097, 5)
2025-10-18 17:46:25,704 - INFO - data_loader - Constructing user-product pairs...
2025-10-18 17:46:28,979 - INFO - data_loader - Processed 50000 customers, pairs so far: 791301
2025-10-18 17:46:31,641 - INFO - data_loader - Constructed pairs: (1664758, 3), positives: 15298
2025-10-18 17:48:08,778 - INFO - data_loader - Loading customer file: D:\jinke\fintech_project\data\raw\cust_dataset.csv
2025-10-18 17:48:09,851 - INFO - data_loader - Loaded cust: (1108827, 7)
2025-10-18 17:48:09,851 - INFO - data_loader - Loading event file: D:\jinke\fintech_project\data\raw\event_dataset.csv
2025-10-18 17:48:10,098 - INFO - data_loader - Loaded events: (338939, 10), successes: 288572
2025-10-18 17:48:10,098 - INFO - data_loader - Loading product Excel: D:\jinke\fintech_project\data\raw\productLabels_multiSpreadsheets.xlsx
2025-10-18 17:48:10,230 - INFO - data_loader - Loaded product sheet D: (14, 5)
2025-10-18 17:48:10,233 - INFO - data_loader - Loaded product sheet C: (46, 7)
2025-10-18 17:48:10,238 - INFO - data_loader - Loaded product sheet A: (193, 7)
2025-10-18 17:48:10,239 - INFO - data_loader - Loaded product sheet N: (13, 4)
2025-10-18 17:48:10,240 - INFO - data_loader - Loaded product sheet P: (4, 4)
2025-10-18 17:48:10,242 - INFO - data_loader - Combined product dataframe: (270, 19)
2025-10-18 17:48:10,385 - INFO - data_loader - Built positive label pairs: (168097, 5)
2025-10-18 17:48:10,402 - INFO - data_loader - Constructing user-product pairs...
2025-10-18 17:48:13,708 - INFO - data_loader - Processed 50000 customers, pairs so far: 791301
2025-10-18 17:48:16,372 - INFO - data_loader - Constructed pairs: (1664758, 3), positives: 15298
2025-10-18 18:03:58,273 - INFO - data_loader - Loading customer file: D:\jinke\fintech_project\data\raw\cust_dataset.csv
2025-10-18 18:03:59,519 - INFO - data_loader - Loaded cust: (1108827, 7)
2025-10-18 18:03:59,520 - INFO - data_loader - Loading event file: D:\jinke\fintech_project\data\raw\event_dataset.csv
2025-10-18 18:03:59,778 - INFO - data_loader - Loaded events: (338939, 10), successes: 288572
2025-10-18 18:03:59,778 - INFO - data_loader - Loading product Excel: D:\jinke\fintech_project\data\raw\productLabels_multiSpreadsheets.xlsx
2025-10-18 18:03:59,911 - INFO - data_loader - Loaded product sheet D: (14, 5)
2025-10-18 18:03:59,914 - INFO - data_loader - Loaded product sheet C: (46, 7)
2025-10-18 18:03:59,919 - INFO - data_loader - Loaded product sheet A: (193, 7)
2025-10-18 18:03:59,921 - INFO - data_loader - Loaded product sheet N: (13, 4)
2025-10-18 18:03:59,922 - INFO - data_loader - Loaded product sheet P: (4, 4)
2025-10-18 18:03:59,923 - INFO - data_loader - Combined product dataframe: (270, 19)
2025-10-18 18:04:00,072 - INFO - data_loader - Built positive label pairs: (168097, 5)
2025-10-18 18:04:00,089 - INFO - data_loader - Constructing user-product pairs...
2025-10-18 18:04:03,670 - INFO - data_loader - Processed 50000 customers, pairs so far: 791301
2025-10-18 18:04:06,423 - INFO - data_loader - Constructed pairs: (1664758, 3), positives: 15298
2025-10-18 18:08:29,369 - INFO - data_loader - Loading customer file: D:\jinke\fintech_project\data\raw\cust_dataset.csv
2025-10-18 18:08:30,429 - INFO - data_loader - Loaded cust: (1108827, 7)
2025-10-18 18:08:30,430 - INFO - data_loader - Loading event file: D:\jinke\fintech_project\data\raw\event_dataset.csv
2025-10-18 18:08:30,685 - INFO - data_loader - Loaded events: (338939, 10), successes: 288572
2025-10-18 18:08:30,686 - INFO - data_loader - Loading product Excel: D:\jinke\fintech_project\data\raw\productLabels_multiSpreadsheets.xlsx
2025-10-18 18:08:30,819 - INFO - data_loader - Loaded product sheet D: (14, 5)
2025-10-18 18:08:30,822 - INFO - data_loader - Loaded product sheet C: (46, 7)
2025-10-18 18:08:30,827 - INFO - data_loader - Loaded product sheet A: (193, 7)
2025-10-18 18:08:30,830 - INFO - data_loader - Loaded product sheet N: (13, 4)
2025-10-18 18:08:30,831 - INFO - data_loader - Loaded product sheet P: (4, 4)
2025-10-18 18:08:30,832 - INFO - data_loader - Combined product dataframe: (270, 19)
2025-10-18 18:08:30,976 - INFO - data_loader - Built positive label pairs: (168097, 5)
2025-10-18 18:08:30,994 - INFO - data_loader - Constructing user-product pairs...
2025-10-18 18:08:34,253 - INFO - data_loader - Processed 50000 customers, pairs so far: 791301
2025-10-18 18:08:36,938 - INFO - data_loader - Constructed pairs: (1664758, 3), positives: 15298
2025-10-18 21:34:56,034 - INFO - data_loader - Loading customer file: D:\jinke\fintech_project\data\raw\cust_dataset.csv
2025-10-18 21:34:57,608 - INFO - data_loader - Loaded cust: (1108827, 7)
2025-10-18 21:34:57,608 - INFO - data_loader - Loading event file: D:\jinke\fintech_project\data\raw\event_dataset.csv
2025-10-18 21:34:57,977 - INFO - data_loader - Loaded events: (338939, 10), successes: 288572
2025-10-18 21:34:57,978 - INFO - data_loader - Loading product Excel: D:\jinke\fintech_project\data\raw\productLabels_multiSpreadsheets.xlsx
2025-10-18 21:34:58,189 - INFO - data_loader - Loaded product sheet D: (14, 5)
2025-10-18 21:34:58,193 - INFO - data_loader - Loaded product sheet C: (46, 7)
2025-10-18 21:34:58,201 - INFO - data_loader - Loaded product sheet A: (193, 7)
2025-10-18 21:34:58,204 - INFO - data_loader - Loaded product sheet N: (13, 4)
2025-10-18 21:34:58,206 - INFO - data_loader - Loaded product sheet P: (4, 4)
2025-10-18 21:34:58,208 - INFO - data_loader - Combined product dataframe: (270, 19)
2025-10-18 21:34:58,436 - INFO - data_loader - Built positive label pairs: (168097, 5)
2025-10-18 21:34:58,465 - INFO - data_loader - Constructing user-product pairs...
2025-10-18 21:35:03,224 - INFO - data_loader - Processed 50000 customers, pairs so far: 791301
2025-10-18 21:35:07,013 - INFO - data_loader - Constructed pairs: (1664758, 3), positives: 15298
2025-10-18 21:36:45,551 - INFO - data_loader - Loading customer file: D:\jinke\fintech_project\data\raw\cust_dataset.csv
2025-10-18 21:36:47,031 - INFO - data_loader - Loaded cust: (1108827, 7)
2025-10-18 21:36:47,032 - INFO - data_loader - Loading event file: D:\jinke\fintech_project\data\raw\event_dataset.csv
2025-10-18 21:36:47,384 - INFO - data_loader - Loaded events: (338939, 10), successes: 288572
2025-10-18 21:36:47,384 - INFO - data_loader - Loading product Excel: D:\jinke\fintech_project\data\raw\productLabels_multiSpreadsheets.xlsx
2025-10-18 21:36:47,574 - INFO - data_loader - Loaded product sheet D: (14, 5)
2025-10-18 21:36:47,578 - INFO - data_loader - Loaded product sheet C: (46, 7)
2025-10-18 21:36:47,585 - INFO - data_loader - Loaded product sheet A: (193, 7)
2025-10-18 21:36:47,587 - INFO - data_loader - Loaded product sheet N: (13, 4)
2025-10-18 21:36:47,589 - INFO - data_loader - Loaded product sheet P: (4, 4)
2025-10-18 21:36:47,591 - INFO - data_loader - Combined product dataframe: (270, 19)
2025-10-18 21:36:47,787 - INFO - data_loader - Built positive label pairs: (168097, 5)
2025-10-18 21:36:47,815 - INFO - data_loader - Constructing user-product pairs...
2025-10-18 21:36:52,167 - INFO - data_loader - Processed 50000 customers, pairs so far: 791301
2025-10-18 21:36:55,577 - INFO - data_loader - Constructed pairs: (1664758, 3), positives: 15298
2025-10-18 21:51:00,539 - INFO - data_loader - Loading customer file: D:\jinke\fintech_project\data\raw\cust_dataset.csv
2025-10-18 21:51:01,867 - INFO - data_loader - Loaded cust: (1108827, 7)
2025-10-18 21:51:01,867 - INFO - data_loader - Loading event file: D:\jinke\fintech_project\data\raw\event_dataset.csv
2025-10-18 21:51:02,183 - INFO - data_loader - Loaded events: (338939, 10), successes: 288572
2025-10-18 21:51:02,184 - INFO - data_loader - Loading product Excel: D:\jinke\fintech_project\data\raw\productLabels_multiSpreadsheets.xlsx
2025-10-18 21:51:02,360 - INFO - data_loader - Loaded product sheet D: (14, 5)
2025-10-18 21:51:02,363 - INFO - data_loader - Loaded product sheet C: (46, 7)
2025-10-18 21:51:02,370 - INFO - data_loader - Loaded product sheet A: (193, 7)
2025-10-18 21:51:02,372 - INFO - data_loader - Loaded product sheet N: (13, 4)
2025-10-18 21:51:02,374 - INFO - data_loader - Loaded product sheet P: (4, 4)
2025-10-18 21:51:02,375 - INFO - data_loader - Combined product dataframe: (270, 19)
2025-10-18 21:51:02,551 - INFO - data_loader - Built positive label pairs: (168097, 5)
2025-10-18 21:51:02,573 - INFO - data_loader - Constructing user-product pairs...
2025-10-18 21:51:06,620 - INFO - data_loader - Processed 50000 customers, pairs so far: 791301
2025-10-18 21:51:09,978 - INFO - data_loader - Constructed pairs: (1664758, 3), positives: 15298
2025-10-18 21:52:18,360 - INFO - data_loader - Loading customer file: D:\jinke\fintech_project\data\raw\cust_dataset.csv
2025-10-18 21:52:19,756 - INFO - data_loader - Loaded cust: (1108827, 7)
2025-10-18 21:52:19,756 - INFO - data_loader - Loading event file: D:\jinke\fintech_project\data\raw\event_dataset.csv
2025-10-18 21:52:20,070 - INFO - data_loader - Loaded events: (338939, 10), successes: 288572
2025-10-18 21:52:20,070 - INFO - data_loader - Loading product Excel: D:\jinke\fintech_project\data\raw\productLabels_multiSpreadsheets.xlsx
2025-10-18 21:52:20,253 - INFO - data_loader - Loaded product sheet D: (14, 5)
2025-10-18 21:52:20,256 - INFO - data_loader - Loaded product sheet C: (46, 7)
2025-10-18 21:52:20,262 - INFO - data_loader - Loaded product sheet A: (193, 7)
2025-10-18 21:52:20,265 - INFO - data_loader - Loaded product sheet N: (13, 4)
2025-10-18 21:52:20,266 - INFO - data_loader - Loaded product sheet P: (4, 4)
2025-10-18 21:52:20,268 - INFO - data_loader - Combined product dataframe: (270, 19)
2025-10-18 21:52:20,447 - INFO - data_loader - Built positive label pairs: (168097, 5)
2025-10-18 21:52:20,471 - INFO - data_loader - Constructing user-product pairs...
2025-10-18 21:52:24,573 - INFO - data_loader - Processed 50000 customers, pairs so far: 791301
2025-10-18 21:52:27,943 - INFO - data_loader - Constructed pairs: (1664758, 3), positives: 15298
2025-10-18 21:58:05,414 - INFO - data_loader - Loading customer file: D:\jinke\fintech_project\data\raw\cust_dataset.csv
2025-10-18 21:58:06,840 - INFO - data_loader - Loaded cust: (1108827, 7)
2025-10-18 21:58:06,840 - INFO - data_loader - Loading event file: D:\jinke\fintech_project\data\raw\event_dataset.csv
2025-10-18 21:58:07,154 - INFO - data_loader - Loaded events: (338939, 10), successes: 288572
2025-10-18 21:58:07,154 - INFO - data_loader - Loading product Excel: D:\jinke\fintech_project\data\raw\productLabels_multiSpreadsheets.xlsx
2025-10-18 21:58:07,345 - INFO - data_loader - Loaded product sheet D: (14, 5)
2025-10-18 21:58:07,348 - INFO - data_loader - Loaded product sheet C: (46, 7)
2025-10-18 21:58:07,355 - INFO - data_loader - Loaded product sheet A: (193, 7)
2025-10-18 21:58:07,357 - INFO - data_loader - Loaded product sheet N: (13, 4)
2025-10-18 21:58:07,359 - INFO - data_loader - Loaded product sheet P: (4, 4)
2025-10-18 21:58:07,361 - INFO - data_loader - Combined product dataframe: (270, 19)
2025-10-18 21:58:07,562 - INFO - data_loader - Built positive label pairs: (168097, 5)
2025-10-18 21:58:07,585 - INFO - data_loader - Constructing user-product pairs...
2025-10-18 21:58:12,140 - INFO - data_loader - Processed 50000 customers, pairs so far: 791301
2025-10-18 21:58:15,867 - INFO - data_loader - Constructed pairs: (1664758, 3), positives: 15298
2025-10-18 22:00:12,691 - INFO - data_loader - Loading customer file: D:\jinke\fintech_project\data\raw\cust_dataset.csv
2025-10-18 22:00:14,034 - INFO - data_loader - Loaded cust: (1108827, 7)
2025-10-18 22:00:14,034 - INFO - data_loader - Loading event file: D:\jinke\fintech_project\data\raw\event_dataset.csv
2025-10-18 22:00:14,345 - INFO - data_loader - Loaded events: (338939, 10), successes: 288572
2025-10-18 22:00:14,345 - INFO - data_loader - Loading product Excel: D:\jinke\fintech_project\data\raw\productLabels_multiSpreadsheets.xlsx
2025-10-18 22:00:14,519 - INFO - data_loader - Loaded product sheet D: (14, 5)
2025-10-18 22:00:14,522 - INFO - data_loader - Loaded product sheet C: (46, 7)
2025-10-18 22:00:14,529 - INFO - data_loader - Loaded product sheet A: (193, 7)
2025-10-18 22:00:14,531 - INFO - data_loader - Loaded product sheet N: (13, 4)
2025-10-18 22:00:14,532 - INFO - data_loader - Loaded product sheet P: (4, 4)
2025-10-18 22:00:14,534 - INFO - data_loader - Combined product dataframe: (270, 19)
2025-10-18 22:00:14,722 - INFO - data_loader - Built positive label pairs: (168097, 5)
2025-10-18 22:00:14,743 - INFO - data_loader - Constructing user-product pairs...
2025-10-18 22:00:19,149 - INFO - data_loader - Processed 50000 customers, pairs so far: 791301
2025-10-18 22:00:23,023 - INFO - data_loader - Constructed pairs: (1664758, 3), positives: 15298
2025-10-18 22:01:55,351 - INFO - data_loader - Loading customer file: D:\jinke\fintech_project\data\raw\cust_dataset.csv
2025-10-18 22:01:56,823 - INFO - data_loader - Loaded cust: (1108827, 7)
2025-10-18 22:01:56,823 - INFO - data_loader - Loading event file: D:\jinke\fintech_project\data\raw\event_dataset.csv
2025-10-18 22:01:57,164 - INFO - data_loader - Loaded events: (338939, 10), successes: 288572
2025-10-18 22:01:57,164 - INFO - data_loader - Loading product Excel: D:\jinke\fintech_project\data\raw\productLabels_multiSpreadsheets.xlsx
2025-10-18 22:01:57,368 - INFO - data_loader - Loaded product sheet D: (14, 5)
2025-10-18 22:01:57,371 - INFO - data_loader - Loaded product sheet C: (46, 7)
2025-10-18 22:01:57,381 - INFO - data_loader - Loaded product sheet A: (193, 7)
2025-10-18 22:01:57,383 - INFO - data_loader - Loaded product sheet N: (13, 4)
2025-10-18 22:01:57,385 - INFO - data_loader - Loaded product sheet P: (4, 4)
2025-10-18 22:01:57,387 - INFO - data_loader - Combined product dataframe: (270, 19)
2025-10-18 22:01:57,584 - INFO - data_loader - Built positive label pairs: (168097, 5)
2025-10-18 22:01:57,611 - INFO - data_loader - Constructing user-product pairs...
2025-10-18 22:02:16,747 - INFO - data_loader - Processed 50000 customers, pairs so far: 791301
2025-10-18 22:02:39,062 - INFO - data_loader - Constructed pairs: (1664758, 3), positives: 15298
2025-10-18 22:04:01,632 - INFO - data_loader - Loading customer file: D:\jinke\fintech_project\data\raw\cust_dataset.csv
2025-10-18 22:04:02,958 - INFO - data_loader - Loaded cust: (1108827, 7)
2025-10-18 22:04:02,958 - INFO - data_loader - Loading event file: D:\jinke\fintech_project\data\raw\event_dataset.csv
2025-10-18 22:04:03,261 - INFO - data_loader - Loaded events: (338939, 10), successes: 288572
2025-10-18 22:04:03,261 - INFO - data_loader - Loading product Excel: D:\jinke\fintech_project\data\raw\productLabels_multiSpreadsheets.xlsx
2025-10-18 22:04:03,444 - INFO - data_loader - Loaded product sheet D: (14, 5)
2025-10-18 22:04:03,447 - INFO - data_loader - Loaded product sheet C: (46, 7)
2025-10-18 22:04:03,453 - INFO - data_loader - Loaded product sheet A: (193, 7)
2025-10-18 22:04:03,455 - INFO - data_loader - Loaded product sheet N: (13, 4)
2025-10-18 22:04:03,457 - INFO - data_loader - Loaded product sheet P: (4, 4)
2025-10-18 22:04:03,460 - INFO - data_loader - Combined product dataframe: (270, 19)
2025-10-18 22:04:03,636 - INFO - data_loader - Built positive label pairs: (168097, 5)
2025-10-18 22:04:03,656 - INFO - data_loader - Constructing user-product pairs...
2025-10-18 22:04:07,684 - INFO - data_loader - Processed 50000 customers, pairs so far: 791301
2025-10-18 22:04:11,059 - INFO - data_loader - Constructed pairs: (1664758, 3), positives: 15298
2025-10-18 22:05:31,799 - INFO - data_loader - Loading customer file: D:\jinke\fintech_project\data\raw\cust_dataset.csv
2025-10-18 22:05:33,124 - INFO - data_loader - Loaded cust: (1108827, 7)
2025-10-18 22:05:33,125 - INFO - data_loader - Loading event file: D:\jinke\fintech_project\data\raw\event_dataset.csv
2025-10-18 22:05:33,441 - INFO - data_loader - Loaded events: (338939, 10), successes: 288572
2025-10-18 22:05:33,441 - INFO - data_loader - Loading product Excel: D:\jinke\fintech_project\data\raw\productLabels_multiSpreadsheets.xlsx
2025-10-18 22:05:33,624 - INFO - data_loader - Loaded product sheet D: (14, 5)
2025-10-18 22:05:33,628 - INFO - data_loader - Loaded product sheet C: (46, 7)
2025-10-18 22:05:33,634 - INFO - data_loader - Loaded product sheet A: (193, 7)
2025-10-18 22:05:33,636 - INFO - data_loader - Loaded product sheet N: (13, 4)
2025-10-18 22:05:33,637 - INFO - data_loader - Loaded product sheet P: (4, 4)
2025-10-18 22:05:33,639 - INFO - data_loader - Combined product dataframe: (270, 19)
2025-10-18 22:05:33,815 - INFO - data_loader - Built positive label pairs: (168097, 5)
2025-10-18 22:05:33,835 - INFO - data_loader - Constructing user-product pairs...
2025-10-18 22:05:37,857 - INFO - data_loader - Processed 50000 customers, pairs so far: 791301
2025-10-18 22:05:41,214 - INFO - data_loader - Constructed pairs: (1664758, 3), positives: 15298
2025-10-18 22:09:09,913 - INFO - data_loader - Loading customer file: D:\jinke\fintech_project\data\raw\cust_dataset.csv
2025-10-18 22:09:12,919 - INFO - data_loader - Loaded cust: (1108827, 7)
2025-10-18 22:09:12,919 - INFO - data_loader - Loading event file: D:\jinke\fintech_project\data\raw\event_dataset.csv
2025-10-18 22:09:13,622 - INFO - data_loader - Loaded events: (338939, 10), successes: 288572
2025-10-18 22:09:13,623 - INFO - data_loader - Loading product Excel: D:\jinke\fintech_project\data\raw\productLabels_multiSpreadsheets.xlsx
2025-10-18 22:09:14,107 - INFO - data_loader - Loaded product sheet D: (14, 5)
2025-10-18 22:09:14,114 - INFO - data_loader - Loaded product sheet C: (46, 7)
2025-10-18 22:09:14,130 - INFO - data_loader - Loaded product sheet A: (193, 7)
2025-10-18 22:09:14,135 - INFO - data_loader - Loaded product sheet N: (13, 4)
2025-10-18 22:09:14,139 - INFO - data_loader - Loaded product sheet P: (4, 4)
2025-10-18 22:09:14,142 - INFO - data_loader - Combined product dataframe: (270, 19)
2025-10-18 22:09:14,536 - INFO - data_loader - Built positive label pairs: (168097, 5)
2025-10-18 22:09:14,592 - INFO - data_loader - Constructing user-product pairs...
2025-10-18 22:09:26,008 - INFO - data_loader - Processed 50000 customers, pairs so far: 791301
2025-10-18 22:09:37,767 - INFO - data_loader - Constructed pairs: (1664758, 3), positives: 15298
2025-10-18 22:18:30,491 - INFO - data_loader - Loading customer file: D:\jinke\fintech_project\data\raw\cust_dataset.csv
2025-10-18 22:18:33,094 - INFO - data_loader - Loaded cust: (1108827, 7)
2025-10-18 22:18:33,095 - INFO - data_loader - Loading event file: D:\jinke\fintech_project\data\raw\event_dataset.csv
2025-10-18 22:18:33,778 - INFO - data_loader - Loaded events: (338939, 10), successes: 288572
2025-10-18 22:18:33,779 - INFO - data_loader - Loading product Excel: D:\jinke\fintech_project\data\raw\productLabels_multiSpreadsheets.xlsx
2025-10-18 22:18:34,177 - INFO - data_loader - Loaded product sheet D: (14, 5)
2025-10-18 22:18:34,182 - INFO - data_loader - Loaded product sheet C: (46, 7)
2025-10-18 22:18:34,196 - INFO - data_loader - Loaded product sheet A: (193, 7)
2025-10-18 22:18:34,200 - INFO - data_loader - Loaded product sheet N: (13, 4)
2025-10-18 22:18:34,204 - INFO - data_loader - Loaded product sheet P: (4, 4)
2025-10-18 22:18:34,208 - INFO - data_loader - Combined product dataframe: (270, 19)
2025-10-18 22:18:34,616 - INFO - data_loader - Built positive label pairs: (168097, 5)
2025-10-18 22:18:34,661 - INFO - data_loader - Constructing user-product pairs...
2025-10-18 22:18:43,432 - INFO - data_loader - Processed 50000 customers, pairs so far: 791301
2025-10-18 22:18:51,600 - INFO - data_loader - Constructed pairs: (1664758, 3), positives: 15298
2025-10-18 22:21:46,966 - INFO - data_loader - Loading customer file: D:\jinke\fintech_project\data\raw\cust_dataset.csv
2025-10-18 22:21:49,308 - INFO - data_loader - Loaded cust: (1108827, 7)
2025-10-18 22:21:49,309 - INFO - data_loader - Loading event file: D:\jinke\fintech_project\data\raw\event_dataset.csv
2025-10-18 22:21:49,905 - INFO - data_loader - Loaded events: (338939, 10), successes: 288572
2025-10-18 22:21:49,906 - INFO - data_loader - Loading product Excel: D:\jinke\fintech_project\data\raw\productLabels_multiSpreadsheets.xlsx
2025-10-18 22:21:50,242 - INFO - data_loader - Loaded product sheet D: (14, 5)
2025-10-18 22:21:50,248 - INFO - data_loader - Loaded product sheet C: (46, 7)
2025-10-18 22:21:50,260 - INFO - data_loader - Loaded product sheet A: (193, 7)
2025-10-18 22:21:50,264 - INFO - data_loader - Loaded product sheet N: (13, 4)
2025-10-18 22:21:50,268 - INFO - data_loader - Loaded product sheet P: (4, 4)
2025-10-18 22:21:50,272 - INFO - data_loader - Combined product dataframe: (270, 19)
2025-10-18 22:21:50,602 - INFO - data_loader - Built positive label pairs: (168097, 5)
2025-10-18 22:21:50,642 - INFO - data_loader - Constructing user-product pairs...
2025-10-18 22:21:58,708 - INFO - data_loader - Processed 50000 customers, pairs so far: 791301
2025-10-18 22:22:05,282 - INFO - data_loader - Constructed pairs: (1664758, 3), positives: 15298
2025-10-18 22:26:33,601 - INFO - data_loader - Loading customer file: D:\jinke\fintech_project\data\raw\cust_dataset.csv
2025-10-18 22:26:37,035 - INFO - data_loader - Loaded cust: (1108827, 7)
2025-10-18 22:26:37,036 - INFO - data_loader - Loading event file: D:\jinke\fintech_project\data\raw\event_dataset.csv
2025-10-18 22:26:38,333 - INFO - data_loader - Loaded events: (338939, 10), successes: 288572
2025-10-18 22:26:38,334 - INFO - data_loader - Loading product Excel: D:\jinke\fintech_project\data\raw\productLabels_multiSpreadsheets.xlsx
2025-10-18 22:26:39,140 - INFO - data_loader - Loaded product sheet D: (14, 5)
2025-10-18 22:26:39,155 - INFO - data_loader - Loaded product sheet C: (46, 7)
2025-10-18 22:26:39,186 - INFO - data_loader - Loaded product sheet A: (193, 7)
2025-10-18 22:26:39,194 - INFO - data_loader - Loaded product sheet N: (13, 4)
2025-10-18 22:26:39,201 - INFO - data_loader - Loaded product sheet P: (4, 4)
2025-10-18 22:26:39,210 - INFO - data_loader - Combined product dataframe: (270, 19)
2025-10-18 22:26:39,976 - INFO - data_loader - Built positive label pairs: (168097, 5)
2025-10-18 22:26:40,063 - INFO - data_loader - Constructing user-product pairs...
2025-10-18 22:27:03,331 - INFO - data_loader - Processed 50000 customers, pairs so far: 791301
2025-10-18 22:27:21,182 - INFO - data_loader - Constructed pairs: (1664758, 3), positives: 15298
2025-10-18 22:30:44,559 - INFO - data_loader - Loading customer file: D:\jinke\fintech_project\data\raw\cust_dataset.csv
2025-10-18 22:30:47,019 - INFO - data_loader - Loaded cust: (1108827, 7)
2025-10-18 22:30:47,020 - INFO - data_loader - Loading event file: D:\jinke\fintech_project\data\raw\event_dataset.csv
2025-10-18 22:30:47,600 - INFO - data_loader - Loaded events: (338939, 10), successes: 288572
2025-10-18 22:30:47,600 - INFO - data_loader - Loading product Excel: D:\jinke\fintech_project\data\raw\productLabels_multiSpreadsheets.xlsx
2025-10-18 22:30:47,943 - INFO - data_loader - Loaded product sheet D: (14, 5)
2025-10-18 22:30:47,949 - INFO - data_loader - Loaded product sheet C: (46, 7)
2025-10-18 22:30:47,962 - INFO - data_loader - Loaded product sheet A: (193, 7)
2025-10-18 22:30:47,966 - INFO - data_loader - Loaded product sheet N: (13, 4)
2025-10-18 22:30:47,971 - INFO - data_loader - Loaded product sheet P: (4, 4)
2025-10-18 22:30:47,982 - INFO - data_loader - Combined product dataframe: (270, 19)
2025-10-18 22:30:48,329 - INFO - data_loader - Built positive label pairs: (168097, 5)
2025-10-18 22:30:48,371 - INFO - data_loader - Constructing user-product pairs...
2025-10-18 22:30:56,567 - INFO - data_loader - Processed 50000 customers, pairs so far: 791301
2025-10-18 22:31:03,163 - INFO - data_loader - Constructed pairs: (1664758, 3), positives: 15298
2025-10-18 23:51:33,057 - INFO - data_loader - Loading customer file: D:\jinke\fintech_project\data\raw\cust_dataset.csv
2025-10-18 23:51:34,179 - INFO - data_loader - Loaded cust: (1108827, 7)
2025-10-18 23:51:34,179 - INFO - data_loader - Loading event file: D:\jinke\fintech_project\data\raw\event_dataset.csv
2025-10-18 23:51:34,438 - INFO - data_loader - Loaded events: (338939, 10), successes: 288572
2025-10-18 23:51:34,440 - INFO - data_loader - Loading product Excel: D:\jinke\fintech_project\data\raw\productLabels_multiSpreadsheets.xlsx
2025-10-18 23:51:34,602 - INFO - data_loader - Loaded product sheet D: (14, 5)
2025-10-18 23:51:34,605 - INFO - data_loader - Loaded product sheet C: (46, 7)
2025-10-18 23:51:34,610 - INFO - data_loader - Loaded product sheet A: (193, 7)
2025-10-18 23:51:34,611 - INFO - data_loader - Loaded product sheet N: (13, 4)
2025-10-18 23:51:34,612 - INFO - data_loader - Loaded product sheet P: (4, 4)
2025-10-18 23:51:34,614 - INFO - data_loader - Combined product dataframe: (270, 19)
2025-10-18 23:51:34,767 - INFO - data_loader - Built positive label pairs: (168097, 5)
2025-10-18 23:51:34,784 - INFO - data_loader - Constructing user-product pairs...
2025-10-18 23:51:38,082 - INFO - data_loader - Processed 50000 customers, pairs so far: 791301
2025-10-18 23:51:40,720 - INFO - data_loader - Constructed pairs: (1664758, 3), positives: 15298
2025-10-18 23:53:19,693 - INFO - data_loader - Loading customer file: D:\jinke\fintech_project\data\raw\cust_dataset.csv
2025-10-18 23:53:20,715 - INFO - data_loader - Loaded cust: (1108827, 7)
2025-10-18 23:53:20,715 - INFO - data_loader - Loading event file: D:\jinke\fintech_project\data\raw\event_dataset.csv
2025-10-18 23:53:20,950 - INFO - data_loader - Loaded events: (338939, 10), successes: 288572
2025-10-18 23:53:20,950 - INFO - data_loader - Loading product Excel: D:\jinke\fintech_project\data\raw\productLabels_multiSpreadsheets.xlsx
2025-10-18 23:53:21,082 - INFO - data_loader - Loaded product sheet D: (14, 5)
2025-10-18 23:53:21,084 - INFO - data_loader - Loaded product sheet C: (46, 7)
2025-10-18 23:53:21,089 - INFO - data_loader - Loaded product sheet A: (193, 7)
2025-10-18 23:53:21,091 - INFO - data_loader - Loaded product sheet N: (13, 4)
2025-10-18 23:53:21,092 - INFO - data_loader - Loaded product sheet P: (4, 4)
2025-10-18 23:53:21,094 - INFO - data_loader - Combined product dataframe: (270, 19)
2025-10-18 23:53:21,228 - INFO - data_loader - Built positive label pairs: (168097, 5)
2025-10-18 23:53:21,245 - INFO - data_loader - Constructing user-product pairs...
2025-10-18 23:53:24,340 - INFO - data_loader - Processed 50000 customers, pairs so far: 791301
2025-10-18 23:53:26,901 - INFO - data_loader - Constructed pairs: (1664758, 3), positives: 15298
2025-10-18 23:55:48,027 - INFO - data_loader - Loading customer file: D:\jinke\fintech_project\data\raw\cust_dataset.csv
2025-10-18 23:55:49,323 - INFO - data_loader - Loaded cust: (1108827, 7)
2025-10-18 23:55:49,323 - INFO - data_loader - Loading event file: D:\jinke\fintech_project\data\raw\event_dataset.csv
2025-10-18 23:55:49,602 - INFO - data_loader - Loaded events: (338939, 10), successes: 288572
2025-10-18 23:55:49,603 - INFO - data_loader - Loading product Excel: D:\jinke\fintech_project\data\raw\productLabels_multiSpreadsheets.xlsx
2025-10-18 23:55:49,735 - INFO - data_loader - Loaded product sheet D: (14, 5)
2025-10-18 23:55:49,738 - INFO - data_loader - Loaded product sheet C: (46, 7)
2025-10-18 23:55:49,743 - INFO - data_loader - Loaded product sheet A: (193, 7)
2025-10-18 23:55:49,744 - INFO - data_loader - Loaded product sheet N: (13, 4)
2025-10-18 23:55:49,745 - INFO - data_loader - Loaded product sheet P: (4, 4)
2025-10-18 23:55:49,747 - INFO - data_loader - Combined product dataframe: (270, 19)
2025-10-18 23:55:49,889 - INFO - data_loader - Built positive label pairs: (168097, 5)
2025-10-18 23:55:49,908 - INFO - data_loader - Constructing user-product pairs...
2025-10-18 23:56:02,498 - INFO - data_loader - Processed 50000 customers, pairs so far: 791301
2025-10-18 23:56:21,370 - INFO - data_loader - Constructed pairs: (1664758, 3), positives: 15298
2025-10-19 00:05:47,978 - INFO - data_loader - Loading customer file: D:\jinke\fintech_project\data\raw\cust_dataset.csv
2025-10-19 00:05:48,964 - INFO - data_loader - Loaded customers: (1108827, 7)
2025-10-19 00:05:48,964 - INFO - data_loader - Loading events file: D:\jinke\fintech_project\data\raw\event_dataset.csv
2025-10-19 00:05:49,200 - INFO - data_loader - Loaded events: (338939, 10), successes: 288572
2025-10-19 00:05:49,200 - INFO - data_loader - Loading product Excel: D:\jinke\fintech_project\data\raw\productLabels_multiSpreadsheets.xlsx
2025-10-19 00:05:49,324 - INFO - data_loader - Loaded product sheet D: (14, 5)
2025-10-19 00:05:49,326 - INFO - data_loader - Loaded product sheet C: (46, 7)
2025-10-19 00:05:49,331 - INFO - data_loader - Loaded product sheet A: (193, 7)
2025-10-19 00:05:49,332 - INFO - data_loader - Loaded product sheet N: (13, 4)
2025-10-19 00:05:49,333 - INFO - data_loader - Loaded product sheet P: (4, 4)
2025-10-19 00:05:49,335 - INFO - data_loader - Combined product dataframe: (270, 19)
2025-10-19 00:05:49,511 - INFO - data_loader - Built positive label pairs: (168097, 5)
2025-10-19 00:05:50,469 - INFO - data_loader - Constructing pairs (this can be memory-heavy)...
2025-10-19 00:05:51,010 - INFO - data_loader - Constructed pairs: (329220, 3), positives: 3186
2025-10-19 00:06:58,473 - INFO - data_loader - Loading customer file: D:\jinke\fintech_project\data\raw\cust_dataset.csv
2025-10-19 00:06:59,429 - INFO - data_loader - Loaded customers: (1108827, 7)
2025-10-19 00:06:59,430 - INFO - data_loader - Loading events file: D:\jinke\fintech_project\data\raw\event_dataset.csv
2025-10-19 00:06:59,648 - INFO - data_loader - Loaded events: (338939, 10), successes: 288572
2025-10-19 00:06:59,648 - INFO - data_loader - Loading product Excel: D:\jinke\fintech_project\data\raw\productLabels_multiSpreadsheets.xlsx
2025-10-19 00:06:59,767 - INFO - data_loader - Loaded product sheet D: (14, 5)
2025-10-19 00:06:59,769 - INFO - data_loader - Loaded product sheet C: (46, 7)
2025-10-19 00:06:59,774 - INFO - data_loader - Loaded product sheet A: (193, 7)
2025-10-19 00:06:59,775 - INFO - data_loader - Loaded product sheet N: (13, 4)
2025-10-19 00:06:59,776 - INFO - data_loader - Loaded product sheet P: (4, 4)
2025-10-19 00:06:59,777 - INFO - data_loader - Combined product dataframe: (270, 19)
2025-10-19 00:06:59,936 - INFO - data_loader - Built positive label pairs: (168097, 5)
2025-10-19 00:07:00,849 - INFO - data_loader - Constructing pairs (this can be memory-heavy)...
2025-10-19 00:07:01,372 - INFO - data_loader - Constructed pairs: (329220, 3), positives: 3186
2025-10-19 00:07:33,710 - INFO - data_loader - Loading customer file: D:\jinke\fintech_project\data\raw\cust_dataset.csv
2025-10-19 00:07:34,659 - INFO - data_loader - Loaded customers: (1108827, 7)
2025-10-19 00:07:34,659 - INFO - data_loader - Loading events file: D:\jinke\fintech_project\data\raw\event_dataset.csv
2025-10-19 00:07:34,880 - INFO - data_loader - Loaded events: (338939, 10), successes: 288572
2025-10-19 00:07:34,880 - INFO - data_loader - Loading product Excel: D:\jinke\fintech_project\data\raw\productLabels_multiSpreadsheets.xlsx
2025-10-19 00:07:34,995 - INFO - data_loader - Loaded product sheet D: (14, 5)
2025-10-19 00:07:34,998 - INFO - data_loader - Loaded product sheet C: (46, 7)
2025-10-19 00:07:35,003 - INFO - data_loader - Loaded product sheet A: (193, 7)
2025-10-19 00:07:35,004 - INFO - data_loader - Loaded product sheet N: (13, 4)
2025-10-19 00:07:35,005 - INFO - data_loader - Loaded product sheet P: (4, 4)
2025-10-19 00:07:35,006 - INFO - data_loader - Combined product dataframe: (270, 19)
2025-10-19 00:07:35,126 - INFO - data_loader - Built positive label pairs: (168097, 5)
2025-10-19 00:07:36,032 - INFO - data_loader - Constructing pairs (this can be memory-heavy)...
2025-10-19 00:07:36,560 - INFO - data_loader - Constructed pairs: (329220, 3), positives: 3186
2025-10-19 00:11:02,920 - INFO - data_loader - Loading customer file: D:\jinke\fintech_project\data\raw\cust_dataset.csv
2025-10-19 00:11:03,865 - INFO - data_loader - Loaded customers: (1108827, 7)
2025-10-19 00:11:03,865 - INFO - data_loader - Loading events file: D:\jinke\fintech_project\data\raw\event_dataset.csv
2025-10-19 00:11:04,090 - INFO - data_loader - Loaded events: (338939, 10), successes: 288572
2025-10-19 00:11:04,091 - INFO - data_loader - Loading product Excel: D:\jinke\fintech_project\data\raw\productLabels_multiSpreadsheets.xlsx
2025-10-19 00:11:04,210 - INFO - data_loader - Loaded product sheet D: (14, 5)
2025-10-19 00:11:04,212 - INFO - data_loader - Loaded product sheet C: (46, 7)
2025-10-19 00:11:04,216 - INFO - data_loader - Loaded product sheet A: (193, 7)
2025-10-19 00:11:04,217 - INFO - data_loader - Loaded product sheet N: (13, 4)
2025-10-19 00:11:04,218 - INFO - data_loader - Loaded product sheet P: (4, 4)
2025-10-19 00:11:04,220 - INFO - data_loader - Combined product dataframe: (270, 19)
2025-10-19 00:11:04,392 - INFO - data_loader - Built positive label pairs: (168097, 5)
2025-10-19 00:11:05,280 - INFO - data_loader - Constructing pairs (this can be memory-heavy)...
2025-10-19 00:11:05,786 - INFO - data_loader - Constructed pairs: (329220, 3), positives: 3186
2025-10-20 18:39:23,784 - INFO - data_loader - Loading customer file: D:\jinke\fintech_project\data\raw\cust_dataset.csv
2025-10-20 18:39:29,115 - INFO - data_loader - Loaded customers: (1108827, 7)
2025-10-20 18:39:29,116 - INFO - data_loader - Loading events file: D:\jinke\fintech_project\data\raw\event_dataset.csv
2025-10-20 18:39:30,488 - INFO - data_loader - Loaded events: (338939, 10), successes: 288572
2025-10-20 18:39:30,491 - INFO - data_loader - Loading product Excel: D:\jinke\fintech_project\data\raw\productLabels_multiSpreadsheets.xlsx
2025-10-20 18:39:31,591 - INFO - data_loader - Loaded product sheet D: (14, 5)
2025-10-20 18:39:31,604 - INFO - data_loader - Loaded product sheet C: (46, 7)
2025-10-20 18:39:31,634 - INFO - data_loader - Loaded product sheet A: (193, 7)
2025-10-20 18:39:31,642 - INFO - data_loader - Loaded product sheet N: (13, 4)
2025-10-20 18:39:31,650 - INFO - data_loader - Loaded product sheet P: (4, 4)
2025-10-20 18:39:31,658 - INFO - data_loader - Combined product dataframe: (270, 19)
2025-10-20 18:39:32,161 - INFO - data_loader - Built positive label pairs: (168097, 5)
2025-10-20 18:39:33,009 - INFO - data_loader - Constructing pairs (this can be memory-heavy)...
2025-10-20 18:39:33,249 - INFO - data_loader - Constructed pairs: (201029, 3), positives: 3186
2025-10-20 18:41:56,665 - INFO - data_loader - Loading customer file: D:\jinke\fintech_project\data\raw\cust_dataset.csv
2025-10-20 18:41:57,762 - INFO - data_loader - Loaded customers: (1108827, 7)
2025-10-20 18:41:57,762 - INFO - data_loader - Loading events file: D:\jinke\fintech_project\data\raw\event_dataset.csv
2025-10-20 18:41:58,001 - INFO - data_loader - Loaded events: (338939, 10), successes: 288572
2025-10-20 18:41:58,001 - INFO - data_loader - Loading product Excel: D:\jinke\fintech_project\data\raw\productLabels_multiSpreadsheets.xlsx
2025-10-20 18:41:58,172 - INFO - data_loader - Loaded product sheet D: (14, 5)
2025-10-20 18:41:58,174 - INFO - data_loader - Loaded product sheet C: (46, 7)
2025-10-20 18:41:58,178 - INFO - data_loader - Loaded product sheet A: (193, 7)
2025-10-20 18:41:58,180 - INFO - data_loader - Loaded product sheet N: (13, 4)
2025-10-20 18:41:58,181 - INFO - data_loader - Loaded product sheet P: (4, 4)
2025-10-20 18:41:58,182 - INFO - data_loader - Combined product dataframe: (270, 19)
2025-10-20 18:41:58,337 - INFO - data_loader - Built positive label pairs: (168097, 5)
2025-10-20 18:41:59,480 - INFO - data_loader - Constructing pairs (this can be memory-heavy)...
2025-10-20 18:42:01,563 - INFO - data_loader - Processed 50000 customers, pairs so far: 791301
2025-10-20 18:42:03,626 - INFO - data_loader - Processed 100000 customers, pairs so far: 1664768
2025-10-20 18:42:05,738 - INFO - data_loader - Processed 150000 customers, pairs so far: 2436669
2025-10-20 18:42:07,759 - INFO - data_loader - Processed 200000 customers, pairs so far: 3230734
2025-10-20 18:42:09,953 - INFO - data_loader - Processed 250000 customers, pairs so far: 4023460
2025-10-20 18:42:12,194 - INFO - data_loader - Processed 300000 customers, pairs so far: 4855438
2025-10-20 18:42:14,266 - INFO - data_loader - Processed 350000 customers, pairs so far: 5646351
2025-10-20 18:42:26,665 - INFO - data_loader - Processed 400000 customers, pairs so far: 6410825
2025-10-20 18:42:29,902 - INFO - data_loader - Processed 450000 customers, pairs so far: 7199626
2025-10-20 18:42:32,158 - INFO - data_loader - Processed 500000 customers, pairs so far: 8010017
2025-10-20 18:42:34,588 - INFO - data_loader - Processed 550000 customers, pairs so far: 9064367
2025-10-20 18:42:36,764 - INFO - data_loader - Processed 600000 customers, pairs so far: 9932902
2025-10-20 18:42:39,016 - INFO - data_loader - Processed 650000 customers, pairs so far: 10785043
2025-10-20 18:42:41,261 - INFO - data_loader - Processed 700000 customers, pairs so far: 11551777
2025-10-20 18:42:43,364 - INFO - data_loader - Processed 750000 customers, pairs so far: 12322887
2025-10-20 18:42:45,946 - INFO - data_loader - Processed 800000 customers, pairs so far: 13126562
2025-10-20 18:42:48,109 - INFO - data_loader - Processed 850000 customers, pairs so far: 13951551
2025-10-20 18:42:50,564 - INFO - data_loader - Processed 900000 customers, pairs so far: 14784301
2025-10-20 18:42:52,772 - INFO - data_loader - Processed 950000 customers, pairs so far: 15543147
2025-10-20 18:42:55,315 - INFO - data_loader - Processed 1000000 customers, pairs so far: 16338434
2025-10-20 18:42:57,585 - INFO - data_loader - Processed 1050000 customers, pairs so far: 17135244
2025-10-20 18:43:00,175 - INFO - data_loader - Processed 1100000 customers, pairs so far: 18165862
2025-10-20 18:43:06,040 - INFO - data_loader - Constructed pairs: (18402084, 3), positives: 168097
2025-10-20 18:49:02,962 - INFO - data_loader - Loading customer file: D:\jinke\fintech_project\data\raw\cust_dataset.csv
2025-10-20 18:49:03,885 - INFO - data_loader - Loaded customers: (1108827, 7)
2025-10-20 18:49:03,886 - INFO - data_loader - Loading events file: D:\jinke\fintech_project\data\raw\event_dataset.csv
2025-10-20 18:49:04,109 - INFO - data_loader - Loaded events: (338939, 10), successes: 288572
2025-10-20 18:49:04,110 - INFO - data_loader - Loading product Excel: D:\jinke\fintech_project\data\raw\productLabels_multiSpreadsheets.xlsx
2025-10-20 18:49:04,283 - INFO - data_loader - Loaded product sheet D: (14, 5)
2025-10-20 18:49:04,286 - INFO - data_loader - Loaded product sheet C: (46, 7)
2025-10-20 18:49:04,290 - INFO - data_loader - Loaded product sheet A: (193, 7)
2025-10-20 18:49:04,291 - INFO - data_loader - Loaded product sheet N: (13, 4)
2025-10-20 18:49:04,293 - INFO - data_loader - Loaded product sheet P: (4, 4)
2025-10-20 18:49:04,294 - INFO - data_loader - Combined product dataframe: (270, 19)
2025-10-20 18:49:04,463 - INFO - data_loader - Built positive label pairs: (168097, 5)
2025-10-20 18:49:05,324 - INFO - data_loader - Constructing pairs (this can be memory-heavy)...
2025-10-20 18:49:05,578 - INFO - data_loader - Constructed pairs: (201029, 3), positives: 3186
2025-10-20 18:50:01,978 - INFO - data_loader - Loading customer file: D:\jinke\fintech_project\data\raw\cust_dataset.csv
2025-10-20 18:50:02,902 - INFO - data_loader - Loaded customers: (1108827, 7)
2025-10-20 18:50:02,902 - INFO - data_loader - Loading events file: D:\jinke\fintech_project\data\raw\event_dataset.csv
2025-10-20 18:50:03,115 - INFO - data_loader - Loaded events: (338939, 10), successes: 288572
2025-10-20 18:50:03,116 - INFO - data_loader - Loading product Excel: D:\jinke\fintech_project\data\raw\productLabels_multiSpreadsheets.xlsx
2025-10-20 18:50:03,231 - INFO - data_loader - Loaded product sheet D: (14, 5)
2025-10-20 18:50:03,234 - INFO - data_loader - Loaded product sheet C: (46, 7)
2025-10-20 18:50:03,238 - INFO - data_loader - Loaded product sheet A: (193, 7)
2025-10-20 18:50:03,239 - INFO - data_loader - Loaded product sheet N: (13, 4)
2025-10-20 18:50:03,240 - INFO - data_loader - Loaded product sheet P: (4, 4)
2025-10-20 18:50:03,242 - INFO - data_loader - Combined product dataframe: (270, 19)
2025-10-20 18:50:03,423 - INFO - data_loader - Built positive label pairs: (168097, 5)
2025-10-20 18:50:04,331 - INFO - data_loader - Constructing pairs (this can be memory-heavy)...
2025-10-20 18:50:04,833 - INFO - data_loader - Constructed pairs: (329220, 3), positives: 3186
2025-10-21 21:04:43,308 - WARNING - data_loader - Customer file not found at /Users/keep-rational/Desktop/--/LGBM/fintech_project/data/raw/cust_dataset.csv. Generating synthetic customer sample.
2025-10-21 21:04:43,379 - INFO - data_loader - Loaded customers: (100000, 7)
2025-10-21 21:04:43,380 - WARNING - data_loader - Event file not found at /Users/keep-rational/Desktop/--/LGBM/fintech_project/data/raw/event_dataset.csv. Generating synthetic event sample.
2025-10-21 21:04:43,545 - INFO - data_loader - Loaded events: (300000, 10), successes: 180269
2025-10-21 21:04:43,548 - WARNING - data_loader - Product Excel not found at /Users/keep-rational/Desktop/--/LGBM/fintech_project/data/raw/productLabels_multiSpreadsheets.xlsx. Generating synthetic product pages.
2025-10-21 21:04:43,559 - INFO - data_loader - Combined product dataframe: (1000, 19)
2025-10-21 21:04:43,702 - INFO - data_loader - Built positive label pairs: (179934, 5)
2025-10-21 21:04:44,640 - INFO - data_loader - Constructing pairs (this can be memory-heavy)...
2025-10-21 21:04:46,275 - INFO - data_loader - Constructed pairs: (1444051, 3), positives: 35901
