2025-10-17 22:44:38,887 - INFO - main - Starting multi-step pipeline...
2025-10-17 22:45:19,378 - INFO - main - Starting multi-step pipeline...
2025-10-17 22:46:06,826 - INFO - main - Starting multi-step pipeline...
2025-10-18 09:46:36,387 - INFO - main - Starting pipeline...
2025-10-18 09:48:48,480 - INFO - main - Starting pipeline...
2025-10-18 09:48:53,746 - INFO - main - Finished. Metrics:
2025-10-18 09:48:53,746 - INFO - main - step1_precision_atk: 0.0292
2025-10-18 09:48:53,747 - INFO - main - step1_ndcg_atk: 0.09965173984056987
2025-10-18 09:48:53,747 - INFO - main - final_precision_atk: 0.01275
2025-10-18 09:48:53,747 - INFO - main - final_ndcg_atk: 0.02991125707750656
2025-10-18 09:48:53,747 - INFO - main - step1_user_hitrate_top1: 0.083
2025-10-18 09:48:53,756 - INFO - main - combined_user_hitrate: 0.1125
2025-10-18 09:48:53,756 - INFO - main - relative_improvement: 0.355421682464799
2025-10-19 00:05:47,969 - INFO - main - Starting pipeline with n_customers=20000, n_products=100, sample_rate=1.0, explain=True
2025-10-19 00:06:58,472 - INFO - main - Starting pipeline with n_customers=20000, n_products=100, sample_rate=1.0, explain=True
2025-10-19 00:07:33,709 - INFO - main - Starting pipeline with n_customers=20000, n_products=100, sample_rate=1.0, explain=True
2025-10-19 00:11:02,919 - INFO - main - Starting pipeline with n_customers=20000, n_products=100, sample_rate=1.0, explain=True
2025-10-19 00:11:23,391 - INFO - main - Pipeline finished. Metrics:
2025-10-19 00:11:23,392 - INFO - main - stage1_precision_atk: 0.029049999999999996
2025-10-19 00:11:23,392 - INFO - main - stage1_ndcg_atk: 0.10327822199555774
2025-10-19 00:11:23,392 - INFO - main - final_precision_atk: 0.011
2025-10-19 00:11:23,392 - INFO - main - final_ndcg_atk: 0.02951383786920246
2025-10-19 00:11:23,392 - INFO - main - stage1_user_hitrate_top1: 0.0915
2025-10-19 00:11:23,392 - INFO - main - combined_user_hitrate: 0.113
2025-10-19 00:11:23,392 - INFO - main - relative_improvement: 0.2349726750276211
2025-10-20 18:39:23,781 - INFO - main - Starting pipeline with n_customers=20000, n_products=10, sample_rate=1.0, explain=False
2025-10-20 18:41:56,665 - INFO - main - Starting pipeline with n_customers=None, n_products=None, sample_rate=1.0, explain=False
2025-10-20 18:49:02,961 - INFO - main - Starting pipeline with n_customers=20000, n_products=10, sample_rate=1.0, explain=False
2025-10-20 18:50:01,977 - INFO - main - Starting pipeline with n_customers=20000, n_products=100, sample_rate=1.0, explain=True
2025-10-20 18:52:33,029 - INFO - main - Pipeline finished. Metrics:
2025-10-20 18:52:33,029 - INFO - main - stage1_precision_atk: 0.02915
2025-10-20 18:52:33,029 - INFO - main - stage1_ndcg_atk: 0.10347168841602496
2025-10-20 18:52:33,029 - INFO - main - final_precision_atk: 0.01095
2025-10-20 18:52:33,030 - INFO - main - final_ndcg_atk: 0.025448013222981705
2025-10-20 18:52:33,030 - INFO - main - stage1_user_hitrate_top1: 0.0915
2025-10-20 18:52:33,030 - INFO - main - combined_user_hitrate: 0.113
2025-10-20 18:52:33,030 - INFO - main - relative_improvement: 0.2349726750276211
2025-10-21 21:04:43,305 - INFO - main - Starting pipeline with n_customers=20000, n_products=100, sample_rate=1.0, explain=False
2025-10-21 21:14:18,769 - INFO - main - Pipeline finished. Metrics:
2025-10-21 21:14:18,769 - INFO - main - stage1_precision_atk: 0.35675000000000007
2025-10-21 21:14:18,769 - INFO - main - stage1_ndcg_atk: 0.84275
2025-10-21 21:14:18,769 - INFO - main - final_precision_atk: 0.18975
2025-10-21 21:14:18,769 - INFO - main - final_ndcg_atk: 0.38358825513389455
2025-10-21 21:14:18,769 - INFO - main - stage1_user_hitrate_top1: 0.84275
2025-10-21 21:14:18,770 - INFO - main - combined_user_hitrate: 0.84275
2025-10-21 21:14:18,770 - INFO - main - relative_improvement: 0.0
