2025-10-18 09:48:52,152 - INFO - train_model - Starting LightGBM training...
2025-10-18 09:48:52,595 - INFO - train_model - Saved model files: D:\jinke\fintech_project\results\models\step1_lgb.txt, D:\jinke\fintech_project\results\models\step1_lgb.pkl
2025-10-18 09:48:52,703 - INFO - train_model - Starting LightGBM training...
2025-10-18 09:48:53,137 - INFO - train_model - Saved model files: D:\jinke\fintech_project\results\models\step2_lgb.txt, D:\jinke\fintech_project\results\models\step2_lgb.pkl
2025-10-18 17:39:00,940 - INFO - train_model - Starting LightGBM training...
2025-10-18 17:39:10,699 - INFO - train_model - Saved model files: D:\jinke\fintech_project\results\models\step1_lgb.txt, D:\jinke\fintech_project\results\models\step1_lgb.pkl
2025-10-18 17:39:11,560 - INFO - train_model - Starting LightGBM training...
2025-10-18 17:39:21,035 - INFO - train_model - Saved model files: D:\jinke\fintech_project\results\models\step2_lgb.txt, D:\jinke\fintech_project\results\models\step2_lgb.pkl
2025-10-18 17:41:09,188 - INFO - train_model - Starting LightGBM training...
2025-10-18 17:41:15,614 - INFO - train_model - Saved model files: D:\jinke\fintech_project\results\models\step1_lgb.txt, D:\jinke\fintech_project\results\models\step1_lgb.pkl
2025-10-18 17:41:16,367 - INFO - train_model - Starting LightGBM training...
2025-10-18 17:41:22,633 - INFO - train_model - Saved model files: D:\jinke\fintech_project\results\models\step2_lgb.txt, D:\jinke\fintech_project\results\models\step2_lgb.pkl
2025-10-18 17:46:36,653 - INFO - train_model - Starting LightGBM training...
2025-10-18 17:46:47,391 - INFO - train_model - Saved model files: D:\jinke\fintech_project\results\models\step1_lgb.txt, D:\jinke\fintech_project\results\models\step1_lgb.pkl
2025-10-18 17:46:48,346 - INFO - train_model - Starting LightGBM training...
2025-10-18 17:46:58,647 - INFO - train_model - Saved model files: D:\jinke\fintech_project\results\models\step2_lgb.txt, D:\jinke\fintech_project\results\models\step2_lgb.pkl
2025-10-18 17:48:21,150 - INFO - train_model - Starting LightGBM training...
2025-10-18 17:48:29,546 - INFO - train_model - Saved model files: D:\jinke\fintech_project\results\models\step1_lgb.txt, D:\jinke\fintech_project\results\models\step1_lgb.pkl
2025-10-18 17:48:30,410 - INFO - train_model - Starting LightGBM training...
2025-10-18 17:48:38,675 - INFO - train_model - Saved model files: D:\jinke\fintech_project\results\models\step2_lgb.txt, D:\jinke\fintech_project\results\models\step2_lgb.pkl
2025-10-18 18:04:11,369 - INFO - train_model - Starting LightGBM training...
2025-10-18 18:04:22,082 - INFO - train_model - Saved model files: D:\jinke\fintech_project\results\models\step1_lgb.txt, D:\jinke\fintech_project\results\models\step1_lgb.pkl
2025-10-18 18:04:23,037 - INFO - train_model - Starting LightGBM training...
2025-10-18 18:04:33,087 - INFO - train_model - Saved model files: D:\jinke\fintech_project\results\models\step2_lgb.txt, D:\jinke\fintech_project\results\models\step2_lgb.pkl
2025-10-18 18:08:41,739 - INFO - train_model - Starting LightGBM training...
2025-10-18 18:08:49,475 - INFO - train_model - Saved model files: D:\jinke\fintech_project\results\models\step1_lgb.txt, D:\jinke\fintech_project\results\models\step1_lgb.pkl
2025-10-18 18:08:50,335 - INFO - train_model - Starting LightGBM training...
2025-10-18 18:08:57,667 - INFO - train_model - Saved model files: D:\jinke\fintech_project\results\models\step2_lgb.txt, D:\jinke\fintech_project\results\models\step2_lgb.pkl
2025-10-18 21:35:14,029 - INFO - train_model - Starting LightGBM training...
2025-10-18 21:35:24,414 - INFO - train_model - Saved model files: D:\jinke\fintech_project\results\models\step1_lgb.txt, D:\jinke\fintech_project\results\models\step1_lgb.pkl
2025-10-18 21:35:25,547 - INFO - train_model - Starting LightGBM training...
2025-10-18 21:35:41,392 - INFO - train_model - Saved model files: D:\jinke\fintech_project\results\models\step2_lgb.txt, D:\jinke\fintech_project\results\models\step2_lgb.pkl
2025-10-18 21:37:02,091 - INFO - train_model - Starting LightGBM training...
2025-10-18 21:37:19,208 - INFO - train_model - Saved model files: D:\jinke\fintech_project\results\models\step1_lgb.txt, D:\jinke\fintech_project\results\models\step1_lgb.pkl
2025-10-18 21:37:20,563 - INFO - train_model - Starting LightGBM training...
2025-10-18 21:37:37,090 - INFO - train_model - Saved model files: D:\jinke\fintech_project\results\models\step2_lgb.txt, D:\jinke\fintech_project\results\models\step2_lgb.pkl
2025-10-18 21:51:15,838 - INFO - train_model - Starting LightGBM training...
2025-10-18 21:51:25,732 - INFO - train_model - Saved model files: D:\jinke\fintech_project\results\models\step1_lgb.txt, D:\jinke\fintech_project\results\models\step1_lgb.pkl
2025-10-18 21:51:26,763 - INFO - train_model - Starting LightGBM training...
2025-10-18 21:51:36,504 - INFO - train_model - Saved model files: D:\jinke\fintech_project\results\models\step2_lgb.txt, D:\jinke\fintech_project\results\models\step2_lgb.pkl
2025-10-18 21:52:33,963 - INFO - train_model - Starting LightGBM training...
2025-10-18 21:52:54,232 - INFO - train_model - Saved model files: D:\jinke\fintech_project\results\models\step1_lgb.txt, D:\jinke\fintech_project\results\models\step1_lgb.pkl
2025-10-18 21:52:55,423 - INFO - train_model - Starting LightGBM training...
2025-10-18 21:53:09,182 - INFO - train_model - Saved model files: D:\jinke\fintech_project\results\models\step2_lgb.txt, D:\jinke\fintech_project\results\models\step2_lgb.pkl
2025-10-18 21:58:21,766 - INFO - train_model - Starting LightGBM training...
2025-10-18 21:58:31,483 - INFO - train_model - Saved model files: D:\jinke\fintech_project\results\models\step1_lgb.txt, D:\jinke\fintech_project\results\models\step1_lgb.pkl
2025-10-18 21:58:32,528 - INFO - train_model - Starting LightGBM training...
2025-10-18 21:58:42,723 - INFO - train_model - Saved model files: D:\jinke\fintech_project\results\models\step2_lgb.txt, D:\jinke\fintech_project\results\models\step2_lgb.pkl
2025-10-18 22:00:46,068 - INFO - train_model - Starting LightGBM training...
2025-10-18 22:01:02,893 - INFO - train_model - Saved model files: D:\jinke\fintech_project\results\models\step1_lgb.txt, D:\jinke\fintech_project\results\models\step1_lgb.pkl
2025-10-18 22:01:04,185 - INFO - train_model - Starting LightGBM training...
2025-10-18 22:01:23,958 - INFO - train_model - Saved model files: D:\jinke\fintech_project\results\models\step2_lgb.txt, D:\jinke\fintech_project\results\models\step2_lgb.pkl
2025-10-18 22:03:02,511 - INFO - train_model - Starting LightGBM training...
2025-10-18 22:03:12,357 - INFO - train_model - Saved model files: D:\jinke\fintech_project\results\models\step1_lgb.txt, D:\jinke\fintech_project\results\models\step1_lgb.pkl
2025-10-18 22:03:13,451 - INFO - train_model - Starting LightGBM training...
2025-10-18 22:03:24,948 - INFO - train_model - Saved model files: D:\jinke\fintech_project\results\models\step2_lgb.txt, D:\jinke\fintech_project\results\models\step2_lgb.pkl
2025-10-18 22:04:16,883 - INFO - train_model - Starting LightGBM training...
2025-10-18 22:04:30,519 - INFO - train_model - Saved model files: D:\jinke\fintech_project\results\models\step1_lgb.txt, D:\jinke\fintech_project\results\models\step1_lgb.pkl
2025-10-18 22:04:31,702 - INFO - train_model - Starting LightGBM training...
2025-10-18 22:04:51,052 - INFO - train_model - Saved model files: D:\jinke\fintech_project\results\models\step2_lgb.txt, D:\jinke\fintech_project\results\models\step2_lgb.pkl
2025-10-18 22:05:47,308 - INFO - train_model - Starting LightGBM training...
2025-10-18 22:06:20,142 - INFO - train_model - Saved model files: D:\jinke\fintech_project\results\models\step1_lgb.txt, D:\jinke\fintech_project\results\models\step1_lgb.pkl
2025-10-18 22:06:24,534 - INFO - train_model - Starting LightGBM training...
2025-10-18 22:06:46,737 - INFO - train_model - Saved model files: D:\jinke\fintech_project\results\models\step2_lgb.txt, D:\jinke\fintech_project\results\models\step2_lgb.pkl
2025-10-18 22:09:54,701 - INFO - train_model - Starting LightGBM training...
2025-10-18 22:10:12,692 - INFO - train_model - Saved model files: D:\jinke\fintech_project\results\models\step1_lgb.txt, D:\jinke\fintech_project\results\models\step1_lgb.pkl
2025-10-18 22:10:14,202 - INFO - train_model - Starting LightGBM training...
2025-10-18 22:10:32,069 - INFO - train_model - Saved model files: D:\jinke\fintech_project\results\models\step2_lgb.txt, D:\jinke\fintech_project\results\models\step2_lgb.pkl
2025-10-18 22:19:04,860 - INFO - train_model - Starting LightGBM training...
2025-10-18 22:19:23,598 - INFO - train_model - Saved model files: D:\jinke\fintech_project\results\models\step1_lgb.txt, D:\jinke\fintech_project\results\models\step1_lgb.pkl
2025-10-18 22:19:25,706 - INFO - train_model - Starting LightGBM training...
2025-10-18 22:19:44,929 - INFO - train_model - Saved model files: D:\jinke\fintech_project\results\models\step2_lgb.txt, D:\jinke\fintech_project\results\models\step2_lgb.pkl
2025-10-18 22:22:16,253 - INFO - train_model - Starting LightGBM training...
2025-10-18 22:22:46,548 - INFO - train_model - Saved model files: D:\jinke\fintech_project\results\models\step1_lgb.txt, D:\jinke\fintech_project\results\models\step1_lgb.pkl
2025-10-18 22:22:48,702 - INFO - train_model - Starting LightGBM training...
2025-10-18 22:23:18,741 - INFO - train_model - Saved model files: D:\jinke\fintech_project\results\models\step2_lgb.txt, D:\jinke\fintech_project\results\models\step2_lgb.pkl
2025-10-18 22:27:43,446 - INFO - train_model - Starting LightGBM training...
2025-10-18 22:28:13,117 - INFO - train_model - Saved model files: D:\jinke\fintech_project\results\models\step1_lgb.txt, D:\jinke\fintech_project\results\models\step1_lgb.pkl
2025-10-18 22:28:17,228 - INFO - train_model - Starting LightGBM training...
2025-10-18 22:28:46,418 - INFO - train_model - Saved model files: D:\jinke\fintech_project\results\models\step2_lgb.txt, D:\jinke\fintech_project\results\models\step2_lgb.pkl
2025-10-18 22:31:13,332 - INFO - train_model - Starting LightGBM training...
2025-10-18 22:31:30,438 - INFO - train_model - Saved model files: D:\jinke\fintech_project\results\models\step1_lgb.txt, D:\jinke\fintech_project\results\models\step1_lgb.pkl
2025-10-18 22:31:32,262 - INFO - train_model - Starting LightGBM training...
2025-10-18 22:31:49,086 - INFO - train_model - Saved model files: D:\jinke\fintech_project\results\models\step2_lgb.txt, D:\jinke\fintech_project\results\models\step2_lgb.pkl
2025-10-18 23:51:46,096 - INFO - train_model - Starting LightGBM training...
2025-10-18 23:51:53,848 - INFO - train_model - Saved model files: D:\jinke\fintech_project\results\models\step1_lgb.txt, D:\jinke\fintech_project\results\models\step1_lgb.pkl
2025-10-18 23:51:54,638 - INFO - train_model - Starting LightGBM training...
2025-10-18 23:52:02,362 - INFO - train_model - Saved model files: D:\jinke\fintech_project\results\models\step2_lgb.txt, D:\jinke\fintech_project\results\models\step2_lgb.pkl
2025-10-18 23:53:31,563 - INFO - train_model - Starting LightGBM training...
2025-10-18 23:53:39,634 - INFO - train_model - Saved model files: D:\jinke\fintech_project\results\models\step1_lgb.txt, D:\jinke\fintech_project\results\models\step1_lgb.pkl
2025-10-18 23:53:40,459 - INFO - train_model - Starting LightGBM training...
2025-10-18 23:53:48,581 - INFO - train_model - Saved model files: D:\jinke\fintech_project\results\models\step2_lgb.txt, D:\jinke\fintech_project\results\models\step2_lgb.pkl
2025-10-18 23:56:45,351 - INFO - train_model - Starting LightGBM training...
2025-10-18 23:57:14,275 - INFO - train_model - Saved model files: D:\jinke\fintech_project\results\models\step1_lgb.txt, D:\jinke\fintech_project\results\models\step1_lgb.pkl
2025-10-18 23:57:15,152 - INFO - train_model - Starting LightGBM training...
2025-10-18 23:57:23,325 - INFO - train_model - Saved model files: D:\jinke\fintech_project\results\models\step2_lgb.txt, D:\jinke\fintech_project\results\models\step2_lgb.pkl
2025-10-19 00:05:55,271 - INFO - train_model - Starting LightGBM training...
2025-10-19 00:07:05,375 - INFO - train_model - Starting LightGBM training...
2025-10-19 00:07:40,977 - INFO - train_model - Starting LightGBM training...
2025-10-19 00:11:07,171 - INFO - train_model - Starting LightGBM training...
2025-10-19 00:11:07,900 - INFO - train_model - Saved model: D:\jinke\fintech_project\models\step1_lgb.txt (and attempted pickle)
2025-10-19 00:11:08,127 - INFO - train_model - Starting LightGBM training...
2025-10-19 00:11:08,633 - INFO - train_model - Saved model: D:\jinke\fintech_project\models\oof_temp.txt (and attempted pickle)
2025-10-19 00:11:08,662 - INFO - train_model - Starting LightGBM training...
2025-10-19 00:11:09,201 - INFO - train_model - Saved model: D:\jinke\fintech_project\models\oof_temp.txt (and attempted pickle)
2025-10-19 00:11:09,234 - INFO - train_model - Starting LightGBM training...
2025-10-19 00:11:09,624 - INFO - train_model - Saved model: D:\jinke\fintech_project\models\oof_temp.txt (and attempted pickle)
2025-10-19 00:11:09,649 - INFO - train_model - Starting LightGBM training...
2025-10-19 00:11:09,860 - INFO - train_model - Saved model: D:\jinke\fintech_project\models\oof_temp.txt (and attempted pickle)
2025-10-19 00:11:09,881 - INFO - train_model - Starting LightGBM training...
2025-10-19 00:11:10,268 - INFO - train_model - Saved model: D:\jinke\fintech_project\models\oof_temp.txt (and attempted pickle)
2025-10-19 00:11:10,912 - INFO - train_model - Starting LightGBM training...
2025-10-19 00:11:12,809 - INFO - train_model - Saved model: D:\jinke\fintech_project\models\step2_lgb.txt (and attempted pickle)
2025-10-20 18:39:34,393 - INFO - train_model - Starting LightGBM training...
2025-10-20 18:39:35,043 - INFO - train_model - Saved model: D:\jinke\fintech_project\models\step1_lgb.txt (and attempted pickle)
2025-10-20 18:39:35,211 - INFO - train_model - Starting LightGBM training...
2025-10-20 18:39:35,434 - INFO - train_model - Saved model: D:\jinke\fintech_project\models\oof_temp.txt (and attempted pickle)
2025-10-20 18:39:35,450 - INFO - train_model - Starting LightGBM training...
2025-10-20 18:39:35,663 - INFO - train_model - Saved model: D:\jinke\fintech_project\models\oof_temp.txt (and attempted pickle)
2025-10-20 18:39:35,678 - INFO - train_model - Starting LightGBM training...
2025-10-20 18:39:35,916 - INFO - train_model - Saved model: D:\jinke\fintech_project\models\oof_temp.txt (and attempted pickle)
2025-10-20 18:39:35,932 - INFO - train_model - Starting LightGBM training...
2025-10-20 18:39:36,036 - INFO - train_model - Saved model: D:\jinke\fintech_project\models\oof_temp.txt (and attempted pickle)
2025-10-20 18:39:36,049 - INFO - train_model - Starting LightGBM training...
2025-10-20 18:39:36,414 - INFO - train_model - Saved model: D:\jinke\fintech_project\models\oof_temp.txt (and attempted pickle)
2025-10-20 18:39:36,880 - INFO - train_model - Starting LightGBM training...
2025-10-20 18:39:37,566 - INFO - train_model - Saved model: D:\jinke\fintech_project\models\step2_lgb.txt (and attempted pickle)
2025-10-20 18:49:08,364 - INFO - train_model - Starting LightGBM training...
2025-10-20 18:49:12,129 - INFO - train_model - Saved model: D:\jinke\fintech_project\models\step1_lgb.txt (and attempted pickle)
2025-10-20 18:49:12,732 - INFO - train_model - Starting LightGBM training...
2025-10-20 18:49:14,548 - INFO - train_model - Saved model: D:\jinke\fintech_project\models\oof_temp.txt (and attempted pickle)
2025-10-20 18:49:14,588 - INFO - train_model - Starting LightGBM training...
2025-10-20 18:49:15,727 - INFO - train_model - Saved model: D:\jinke\fintech_project\models\oof_temp.txt (and attempted pickle)
2025-10-20 18:49:15,763 - INFO - train_model - Starting LightGBM training...
2025-10-20 18:49:18,378 - INFO - train_model - Saved model: D:\jinke\fintech_project\models\oof_temp.txt (and attempted pickle)
2025-10-20 18:49:18,421 - INFO - train_model - Starting LightGBM training...
2025-10-20 18:49:19,296 - INFO - train_model - Saved model: D:\jinke\fintech_project\models\oof_temp.txt (and attempted pickle)
2025-10-20 18:49:19,324 - INFO - train_model - Starting LightGBM training...
2025-10-20 18:49:19,731 - INFO - train_model - Saved model: D:\jinke\fintech_project\models\oof_temp.txt (and attempted pickle)
2025-10-20 18:49:20,243 - INFO - train_model - Starting LightGBM training...
2025-10-20 18:49:21,021 - INFO - train_model - Saved model: D:\jinke\fintech_project\models\step2_lgb.txt (and attempted pickle)
2025-10-20 18:50:07,938 - INFO - train_model - Starting LightGBM training...
2025-10-20 18:50:14,997 - INFO - train_model - Saved model: D:\jinke\fintech_project\models\step1_lgb.txt (and attempted pickle)
2025-10-20 18:50:15,705 - INFO - train_model - Starting LightGBM training...
2025-10-20 18:50:18,864 - INFO - train_model - Saved model: D:\jinke\fintech_project\models\oof_temp.txt (and attempted pickle)
2025-10-20 18:50:18,950 - INFO - train_model - Starting LightGBM training...
2025-10-20 18:50:22,440 - WARNING - train_model - bst.save_model failed: Model file D:\jinke\fintech_project\models\oof_temp.txt is not available for writes
2025-10-20 18:50:22,452 - INFO - train_model - Saved model: D:\jinke\fintech_project\models\oof_temp.txt (and attempted pickle)
2025-10-20 18:50:22,532 - INFO - train_model - Starting LightGBM training...
2025-10-20 18:50:24,264 - INFO - train_model - Saved model: D:\jinke\fintech_project\models\oof_temp.txt (and attempted pickle)
2025-10-20 18:50:24,317 - INFO - train_model - Starting LightGBM training...
2025-10-20 18:50:25,893 - INFO - train_model - Saved model: D:\jinke\fintech_project\models\oof_temp.txt (and attempted pickle)
2025-10-20 18:50:25,950 - INFO - train_model - Starting LightGBM training...
2025-10-20 18:50:28,575 - INFO - train_model - Saved model: D:\jinke\fintech_project\models\oof_temp.txt (and attempted pickle)
2025-10-20 18:50:33,212 - INFO - train_model - Starting LightGBM training...
2025-10-20 18:50:42,831 - INFO - train_model - Saved model: D:\jinke\fintech_project\models\step2_lgb.txt (and attempted pickle)
2025-10-21 21:04:53,951 - INFO - train_model - Starting LightGBM training...
2025-10-21 21:04:54,571 - INFO - train_model - Saved model: /Users/keep-rational/Desktop/研创赛-金科-多步推荐/LGBM/fintech_project/models/step1_lgb.txt (and attempted pickle)
2025-10-21 21:04:55,366 - INFO - train_model - Starting LightGBM training...
2025-10-21 21:04:55,734 - INFO - train_model - Saved model: /Users/keep-rational/Desktop/研创赛-金科-多步推荐/LGBM/fintech_project/models/oof_temp.txt (and attempted pickle)
2025-10-21 21:04:55,811 - INFO - train_model - Starting LightGBM training...
2025-10-21 21:04:56,080 - INFO - train_model - Saved model: /Users/keep-rational/Desktop/研创赛-金科-多步推荐/LGBM/fintech_project/models/oof_temp.txt (and attempted pickle)
2025-10-21 21:04:56,140 - INFO - train_model - Starting LightGBM training...
2025-10-21 21:04:56,496 - INFO - train_model - Saved model: /Users/keep-rational/Desktop/研创赛-金科-多步推荐/LGBM/fintech_project/models/oof_temp.txt (and attempted pickle)
2025-10-21 21:04:56,565 - INFO - train_model - Starting LightGBM training...
2025-10-21 21:04:56,844 - INFO - train_model - Saved model: /Users/keep-rational/Desktop/研创赛-金科-多步推荐/LGBM/fintech_project/models/oof_temp.txt (and attempted pickle)
2025-10-21 21:04:56,913 - INFO - train_model - Starting LightGBM training...
2025-10-21 21:04:57,270 - INFO - train_model - Saved model: /Users/keep-rational/Desktop/研创赛-金科-多步推荐/LGBM/fintech_project/models/oof_temp.txt (and attempted pickle)
2025-10-21 21:04:59,607 - INFO - train_model - Starting LightGBM training...
2025-10-21 21:05:00,445 - INFO - train_model - Saved model: /Users/keep-rational/Desktop/研创赛-金科-多步推荐/LGBM/fintech_project/models/step2_lgb.txt (and attempted pickle)
